<?xml version="1.0" encoding="UTF-8"?>
<testsuite xmlns:xsi="http://www.w3.org/2001/XMLSchema-instance" xsi:noNamespaceSchemaLocation="https://maven.apache.org/surefire/maven-surefire-plugin/xsd/surefire-test-report-3.0.xsd" version="3.0" name="uk.gov.companieshouse.accounts.user.controller.FindRolesBasedOnUserIDControllerTest" time="0.17" tests="5" errors="0" skipped="0" failures="5">
  <properties>
    <property name="java.specification.version" value="21"/>
    <property name="sun.jnu.encoding" value="UTF-8"/>
    <property name="java.class.path" value="/Users/suvarnathekkoot/Repo/accounts-user-api/target/test-classes:/Users/suvarnathekkoot/Repo/accounts-user-api/target/classes:/Users/suvarnathekkoot/.m2/repository/org/springframework/boot/spring-boot-starter-web/3.2.2/spring-boot-starter-web-3.2.2.jar:/Users/suvarnathekkoot/.m2/repository/org/springframework/boot/spring-boot-starter/3.2.2/spring-boot-starter-3.2.2.jar:/Users/suvarnathekkoot/.m2/repository/org/springframework/boot/spring-boot/3.2.2/spring-boot-3.2.2.jar:/Users/suvarnathekkoot/.m2/repository/org/springframework/boot/spring-boot-starter-logging/3.2.2/spring-boot-starter-logging-3.2.2.jar:/Users/suvarnathekkoot/.m2/repository/ch/qos/logback/logback-classic/1.4.14/logback-classic-1.4.14.jar:/Users/suvarnathekkoot/.m2/repository/ch/qos/logback/logback-core/1.4.14/logback-core-1.4.14.jar:/Users/suvarnathekkoot/.m2/repository/org/apache/logging/log4j/log4j-to-slf4j/2.21.1/log4j-to-slf4j-2.21.1.jar:/Users/suvarnathekkoot/.m2/repository/org/apache/logging/log4j/log4j-api/2.21.1/log4j-api-2.21.1.jar:/Users/suvarnathekkoot/.m2/repository/org/slf4j/jul-to-slf4j/2.0.11/jul-to-slf4j-2.0.11.jar:/Users/suvarnathekkoot/.m2/repository/org/springframework/boot/spring-boot-starter-json/3.2.2/spring-boot-starter-json-3.2.2.jar:/Users/suvarnathekkoot/.m2/repository/com/fasterxml/jackson/datatype/jackson-datatype-jdk8/2.15.3/jackson-datatype-jdk8-2.15.3.jar:/Users/suvarnathekkoot/.m2/repository/com/fasterxml/jackson/module/jackson-module-parameter-names/2.15.3/jackson-module-parameter-names-2.15.3.jar:/Users/suvarnathekkoot/.m2/repository/org/springframework/boot/spring-boot-starter-tomcat/3.2.2/spring-boot-starter-tomcat-3.2.2.jar:/Users/suvarnathekkoot/.m2/repository/org/springframework/spring-web/6.1.3/spring-web-6.1.3.jar:/Users/suvarnathekkoot/.m2/repository/org/springframework/spring-beans/6.1.3/spring-beans-6.1.3.jar:/Users/suvarnathekkoot/.m2/repository/org/springframework/spring-webmvc/6.1.3/spring-webmvc-6.1.3.jar:/Users/suvarnathekkoot/.m2/repository/org/springframework/spring-aop/6.1.3/spring-aop-6.1.3.jar:/Users/suvarnathekkoot/.m2/repository/org/springframework/spring-context/6.1.3/spring-context-6.1.3.jar:/Users/suvarnathekkoot/.m2/repository/org/springframework/spring-expression/6.1.3/spring-expression-6.1.3.jar:/Users/suvarnathekkoot/.m2/repository/org/springframework/boot/spring-boot-starter-actuator/3.2.2/spring-boot-starter-actuator-3.2.2.jar:/Users/suvarnathekkoot/.m2/repository/org/springframework/boot/spring-boot-actuator-autoconfigure/3.2.2/spring-boot-actuator-autoconfigure-3.2.2.jar:/Users/suvarnathekkoot/.m2/repository/org/springframework/boot/spring-boot-actuator/3.2.2/spring-boot-actuator-3.2.2.jar:/Users/suvarnathekkoot/.m2/repository/io/micrometer/micrometer-observation/1.12.2/micrometer-observation-1.12.2.jar:/Users/suvarnathekkoot/.m2/repository/io/micrometer/micrometer-commons/1.12.2/micrometer-commons-1.12.2.jar:/Users/suvarnathekkoot/.m2/repository/io/micrometer/micrometer-jakarta9/1.12.2/micrometer-jakarta9-1.12.2.jar:/Users/suvarnathekkoot/.m2/repository/io/micrometer/micrometer-core/1.12.2/micrometer-core-1.12.2.jar:/Users/suvarnathekkoot/.m2/repository/org/hdrhistogram/HdrHistogram/2.1.12/HdrHistogram-2.1.12.jar:/Users/suvarnathekkoot/.m2/repository/org/latencyutils/LatencyUtils/2.0.3/LatencyUtils-2.0.3.jar:/Users/suvarnathekkoot/.m2/repository/org/springframework/boot/spring-boot-starter-validation/3.2.2/spring-boot-starter-validation-3.2.2.jar:/Users/suvarnathekkoot/.m2/repository/org/apache/tomcat/embed/tomcat-embed-el/10.1.18/tomcat-embed-el-10.1.18.jar:/Users/suvarnathekkoot/.m2/repository/org/hibernate/validator/hibernate-validator/8.0.1.Final/hibernate-validator-8.0.1.Final.jar:/Users/suvarnathekkoot/.m2/repository/org/jboss/logging/jboss-logging/3.5.3.Final/jboss-logging-3.5.3.Final.jar:/Users/suvarnathekkoot/.m2/repository/com/fasterxml/classmate/1.6.0/classmate-1.6.0.jar:/Users/suvarnathekkoot/.m2/repository/uk/gov/companieshouse/structured-logging/3.0.1/structured-logging-3.0.1.jar:/Users/suvarnathekkoot/.m2/repository/com/fasterxml/jackson/datatype/jackson-datatype-jsr310/2.15.3/jackson-datatype-jsr310-2.15.3.jar:/Users/suvarnathekkoot/.m2/repository/com/fasterxml/jackson/core/jackson-annotations/2.15.3/jackson-annotations-2.15.3.jar:/Users/suvarnathekkoot/.m2/repository/com/fasterxml/jackson/core/jackson-core/2.15.3/jackson-core-2.15.3.jar:/Users/suvarnathekkoot/.m2/repository/commons-lang/commons-lang/2.6/commons-lang-2.6.jar:/Users/suvarnathekkoot/.m2/repository/uk/gov/companieshouse/rest-service-common-library/2.0.2/rest-service-common-library-2.0.2.jar:/Users/suvarnathekkoot/.m2/repository/com/fasterxml/jackson/core/jackson-databind/2.15.3/jackson-databind-2.15.3.jar:/Users/suvarnathekkoot/.m2/repository/org/apache/tomcat/embed/tomcat-embed-websocket/10.1.18/tomcat-embed-websocket-10.1.18.jar:/Users/suvarnathekkoot/.m2/repository/org/yaml/snakeyaml/2.2/snakeyaml-2.2.jar:/Users/suvarnathekkoot/.m2/repository/org/apache/tomcat/embed/tomcat-embed-core/10.1.18/tomcat-embed-core-10.1.18.jar:/Users/suvarnathekkoot/.m2/repository/org/apache/tomcat/tomcat-annotations-api/10.1.18/tomcat-annotations-api-10.1.18.jar:/Users/suvarnathekkoot/.m2/repository/org/springframework/spring-core/6.1.3/spring-core-6.1.3.jar:/Users/suvarnathekkoot/.m2/repository/org/springframework/spring-jcl/6.1.3/spring-jcl-6.1.3.jar:/Users/suvarnathekkoot/.m2/repository/org/springframework/boot/spring-boot-starter-data-mongodb/3.2.2/spring-boot-starter-data-mongodb-3.2.2.jar:/Users/suvarnathekkoot/.m2/repository/org/mongodb/mongodb-driver-sync/4.11.1/mongodb-driver-sync-4.11.1.jar:/Users/suvarnathekkoot/.m2/repository/org/mongodb/bson/4.11.1/bson-4.11.1.jar:/Users/suvarnathekkoot/.m2/repository/org/mongodb/mongodb-driver-core/4.11.1/mongodb-driver-core-4.11.1.jar:/Users/suvarnathekkoot/.m2/repository/org/mongodb/bson-record-codec/4.11.1/bson-record-codec-4.11.1.jar:/Users/suvarnathekkoot/.m2/repository/org/springframework/data/spring-data-mongodb/4.2.2/spring-data-mongodb-4.2.2.jar:/Users/suvarnathekkoot/.m2/repository/org/springframework/spring-tx/6.1.3/spring-tx-6.1.3.jar:/Users/suvarnathekkoot/.m2/repository/org/springframework/data/spring-data-commons/3.2.2/spring-data-commons-3.2.2.jar:/Users/suvarnathekkoot/.m2/repository/org/slf4j/slf4j-api/2.0.11/slf4j-api-2.0.11.jar:/Users/suvarnathekkoot/.m2/repository/org/springframework/boot/spring-boot-starter-test/3.2.2/spring-boot-starter-test-3.2.2.jar:/Users/suvarnathekkoot/.m2/repository/org/springframework/boot/spring-boot-test/3.2.2/spring-boot-test-3.2.2.jar:/Users/suvarnathekkoot/.m2/repository/org/springframework/boot/spring-boot-test-autoconfigure/3.2.2/spring-boot-test-autoconfigure-3.2.2.jar:/Users/suvarnathekkoot/.m2/repository/com/jayway/jsonpath/json-path/2.8.0/json-path-2.8.0.jar:/Users/suvarnathekkoot/.m2/repository/jakarta/xml/bind/jakarta.xml.bind-api/4.0.1/jakarta.xml.bind-api-4.0.1.jar:/Users/suvarnathekkoot/.m2/repository/jakarta/activation/jakarta.activation-api/2.1.2/jakarta.activation-api-2.1.2.jar:/Users/suvarnathekkoot/.m2/repository/net/minidev/json-smart/2.5.0/json-smart-2.5.0.jar:/Users/suvarnathekkoot/.m2/repository/net/minidev/accessors-smart/2.5.0/accessors-smart-2.5.0.jar:/Users/suvarnathekkoot/.m2/repository/org/ow2/asm/asm/9.3/asm-9.3.jar:/Users/suvarnathekkoot/.m2/repository/org/assertj/assertj-core/3.24.2/assertj-core-3.24.2.jar:/Users/suvarnathekkoot/.m2/repository/net/bytebuddy/byte-buddy/1.14.11/byte-buddy-1.14.11.jar:/Users/suvarnathekkoot/.m2/repository/org/awaitility/awaitility/4.2.0/awaitility-4.2.0.jar:/Users/suvarnathekkoot/.m2/repository/org/hamcrest/hamcrest/2.2/hamcrest-2.2.jar:/Users/suvarnathekkoot/.m2/repository/org/junit/jupiter/junit-jupiter/5.10.1/junit-jupiter-5.10.1.jar:/Users/suvarnathekkoot/.m2/repository/org/junit/jupiter/junit-jupiter-api/5.10.1/junit-jupiter-api-5.10.1.jar:/Users/suvarnathekkoot/.m2/repository/org/opentest4j/opentest4j/1.3.0/opentest4j-1.3.0.jar:/Users/suvarnathekkoot/.m2/repository/org/junit/platform/junit-platform-commons/1.10.1/junit-platform-commons-1.10.1.jar:/Users/suvarnathekkoot/.m2/repository/org/apiguardian/apiguardian-api/1.1.2/apiguardian-api-1.1.2.jar:/Users/suvarnathekkoot/.m2/repository/org/junit/jupiter/junit-jupiter-params/5.10.1/junit-jupiter-params-5.10.1.jar:/Users/suvarnathekkoot/.m2/repository/org/junit/jupiter/junit-jupiter-engine/5.10.1/junit-jupiter-engine-5.10.1.jar:/Users/suvarnathekkoot/.m2/repository/org/junit/platform/junit-platform-engine/1.10.1/junit-platform-engine-1.10.1.jar:/Users/suvarnathekkoot/.m2/repository/org/mockito/mockito-core/5.7.0/mockito-core-5.7.0.jar:/Users/suvarnathekkoot/.m2/repository/net/bytebuddy/byte-buddy-agent/1.14.11/byte-buddy-agent-1.14.11.jar:/Users/suvarnathekkoot/.m2/repository/org/objenesis/objenesis/3.3/objenesis-3.3.jar:/Users/suvarnathekkoot/.m2/repository/org/mockito/mockito-junit-jupiter/5.7.0/mockito-junit-jupiter-5.7.0.jar:/Users/suvarnathekkoot/.m2/repository/org/skyscreamer/jsonassert/1.5.1/jsonassert-1.5.1.jar:/Users/suvarnathekkoot/.m2/repository/com/vaadin/external/google/android-json/0.0.20131108.vaadin1/android-json-0.0.20131108.vaadin1.jar:/Users/suvarnathekkoot/.m2/repository/org/springframework/spring-test/6.1.3/spring-test-6.1.3.jar:/Users/suvarnathekkoot/.m2/repository/org/xmlunit/xmlunit-core/2.9.1/xmlunit-core-2.9.1.jar:/Users/suvarnathekkoot/.m2/repository/org/sonarsource/scanner/maven/sonar-maven-plugin/3.10.0.2594/sonar-maven-plugin-3.10.0.2594.jar:/Users/suvarnathekkoot/.m2/repository/org/codehaus/plexus/plexus-sec-dispatcher/2.0/plexus-sec-dispatcher-2.0.jar:/Users/suvarnathekkoot/.m2/repository/org/codehaus/plexus/plexus-utils/3.4.1/plexus-utils-3.4.1.jar:/Users/suvarnathekkoot/.m2/repository/org/codehaus/plexus/plexus-cipher/2.0/plexus-cipher-2.0.jar:/Users/suvarnathekkoot/.m2/repository/javax/inject/javax.inject/1/javax.inject-1.jar:/Users/suvarnathekkoot/.m2/repository/org/sonarsource/scanner/api/sonar-scanner-api/2.16.3.1081/sonar-scanner-api-2.16.3.1081.jar:/Users/suvarnathekkoot/.m2/repository/junit/junit/4.13.2/junit-4.13.2.jar:/Users/suvarnathekkoot/.m2/repository/org/hamcrest/hamcrest-core/2.2/hamcrest-core-2.2.jar:/Users/suvarnathekkoot/.m2/repository/org/springframework/boot/spring-boot-testcontainers/3.2.2/spring-boot-testcontainers-3.2.2.jar:/Users/suvarnathekkoot/.m2/repository/org/springframework/boot/spring-boot-autoconfigure/3.2.2/spring-boot-autoconfigure-3.2.2.jar:/Users/suvarnathekkoot/.m2/repository/org/testcontainers/testcontainers/1.19.3/testcontainers-1.19.3.jar:/Users/suvarnathekkoot/.m2/repository/org/apache/commons/commons-compress/1.24.0/commons-compress-1.24.0.jar:/Users/suvarnathekkoot/.m2/repository/org/rnorth/duct-tape/duct-tape/1.0.8/duct-tape-1.0.8.jar:/Users/suvarnathekkoot/.m2/repository/org/jetbrains/annotations/17.0.0/annotations-17.0.0.jar:/Users/suvarnathekkoot/.m2/repository/com/github/docker-java/docker-java-api/3.3.4/docker-java-api-3.3.4.jar:/Users/suvarnathekkoot/.m2/repository/com/github/docker-java/docker-java-transport-zerodep/3.3.4/docker-java-transport-zerodep-3.3.4.jar:/Users/suvarnathekkoot/.m2/repository/com/github/docker-java/docker-java-transport/3.3.4/docker-java-transport-3.3.4.jar:/Users/suvarnathekkoot/.m2/repository/net/java/dev/jna/jna/5.13.0/jna-5.13.0.jar:/Users/suvarnathekkoot/.m2/repository/org/testcontainers/mongodb/1.19.3/mongodb-1.19.3.jar:/Users/suvarnathekkoot/.m2/repository/org/testcontainers/junit-jupiter/1.19.3/junit-jupiter-1.19.3.jar:/Users/suvarnathekkoot/.m2/repository/uk/gov/companieshouse/private-api-sdk-java/4.0.42/private-api-sdk-java-4.0.42.jar:/Users/suvarnathekkoot/.m2/repository/uk/gov/companieshouse/api-sdk-java/6.0.7/api-sdk-java-6.0.7.jar:/Users/suvarnathekkoot/.m2/repository/javax/validation/validation-api/2.0.1.Final/validation-api-2.0.1.Final.jar:/Users/suvarnathekkoot/.m2/repository/uk/gov/companieshouse/private.api.ch.gov.uk-specifications/0.1.179/private.api.ch.gov.uk-specifications-0.1.179.jar:/Users/suvarnathekkoot/.m2/repository/org/openapitools/jackson-databind-nullable/0.2.6/jackson-databind-nullable-0.2.6.jar:/Users/suvarnathekkoot/.m2/repository/jakarta/validation/jakarta.validation-api/3.0.2/jakarta.validation-api-3.0.2.jar:/Users/suvarnathekkoot/.m2/repository/jakarta/annotation/jakarta.annotation-api/2.1.1/jakarta.annotation-api-2.1.1.jar:/Users/suvarnathekkoot/.m2/repository/io/swagger/core/v3/swagger-core/2.2.18/swagger-core-2.2.18.jar:/Users/suvarnathekkoot/.m2/repository/com/fasterxml/jackson/dataformat/jackson-dataformat-yaml/2.15.3/jackson-dataformat-yaml-2.15.3.jar:/Users/suvarnathekkoot/.m2/repository/io/swagger/core/v3/swagger-annotations/2.2.18/swagger-annotations-2.2.18.jar:/Users/suvarnathekkoot/.m2/repository/io/swagger/core/v3/swagger-models/2.2.18/swagger-models-2.2.18.jar:/Users/suvarnathekkoot/.m2/repository/javax/annotation/javax.annotation-api/1.3.2/javax.annotation-api-1.3.2.jar:/Users/suvarnathekkoot/.m2/repository/org/apache/commons/commons-lang3/3.13.0/commons-lang3-3.13.0.jar:/Users/suvarnathekkoot/.m2/repository/uk/gov/companieshouse/api-sdk-manager-java-library/3.0.5/api-sdk-manager-java-library-3.0.5.jar:/Users/suvarnathekkoot/.m2/repository/com/google/http-client/google-http-client-jackson2/1.43.3/google-http-client-jackson2-1.43.3.jar:/Users/suvarnathekkoot/.m2/repository/com/google/http-client/google-http-client/1.43.3/google-http-client-1.43.3.jar:/Users/suvarnathekkoot/.m2/repository/org/apache/httpcomponents/httpclient/4.5.14/httpclient-4.5.14.jar:/Users/suvarnathekkoot/.m2/repository/commons-codec/commons-codec/1.16.0/commons-codec-1.16.0.jar:/Users/suvarnathekkoot/.m2/repository/org/apache/httpcomponents/httpcore/4.4.16/httpcore-4.4.16.jar:/Users/suvarnathekkoot/.m2/repository/io/opencensus/opencensus-api/0.31.1/opencensus-api-0.31.1.jar:/Users/suvarnathekkoot/.m2/repository/io/opencensus/opencensus-contrib-http-util/0.31.1/opencensus-contrib-http-util-0.31.1.jar:/Users/suvarnathekkoot/.m2/repository/io/grpc/grpc-context/1.60.1/grpc-context-1.60.1.jar:/Users/suvarnathekkoot/.m2/repository/io/grpc/grpc-api/1.60.1/grpc-api-1.60.1.jar:/Users/suvarnathekkoot/.m2/repository/com/google/code/gson/gson/2.10.1/gson-2.10.1.jar:/Users/suvarnathekkoot/.m2/repository/com/google/oauth-client/google-oauth-client/1.34.1/google-oauth-client-1.34.1.jar:/Users/suvarnathekkoot/.m2/repository/com/google/http-client/google-http-client-gson/1.42.0/google-http-client-gson-1.42.0.jar:/Users/suvarnathekkoot/.m2/repository/com/google/guava/guava/32.1.1-android/guava-32.1.1-android.jar:/Users/suvarnathekkoot/.m2/repository/com/google/guava/failureaccess/1.0.1/failureaccess-1.0.1.jar:/Users/suvarnathekkoot/.m2/repository/com/google/guava/listenablefuture/9999.0-empty-to-avoid-conflict-with-guava/listenablefuture-9999.0-empty-to-avoid-conflict-with-guava.jar:/Users/suvarnathekkoot/.m2/repository/com/google/code/findbugs/jsr305/3.0.2/jsr305-3.0.2.jar:/Users/suvarnathekkoot/.m2/repository/org/checkerframework/checker-qual/3.33.0/checker-qual-3.33.0.jar:/Users/suvarnathekkoot/.m2/repository/com/google/errorprone/error_prone_annotations/2.18.0/error_prone_annotations-2.18.0.jar:/Users/suvarnathekkoot/.m2/repository/com/google/j2objc/j2objc-annotations/2.8/j2objc-annotations-2.8.jar:/Users/suvarnathekkoot/.m2/repository/uk/gov/companieshouse/environment-reader-library/3.0.0/environment-reader-library-3.0.0.jar:/Users/suvarnathekkoot/.m2/repository/commons-validator/commons-validator/1.7/commons-validator-1.7.jar:/Users/suvarnathekkoot/.m2/repository/commons-beanutils/commons-beanutils/1.9.4/commons-beanutils-1.9.4.jar:/Users/suvarnathekkoot/.m2/repository/commons-digester/commons-digester/2.1/commons-digester-2.1.jar:/Users/suvarnathekkoot/.m2/repository/commons-logging/commons-logging/1.2/commons-logging-1.2.jar:/Users/suvarnathekkoot/.m2/repository/commons-collections/commons-collections/3.2.2/commons-collections-3.2.2.jar:/Users/suvarnathekkoot/.m2/repository/javax/servlet/servlet-api/2.5/servlet-api-2.5.jar:/Users/suvarnathekkoot/.m2/repository/uk/gov/companieshouse/api-security-java/2.0.3/api-security-java-2.0.3.jar:/Users/suvarnathekkoot/.m2/repository/org/apache/commons/commons-collections4/4.4/commons-collections4-4.4.jar:/Users/suvarnathekkoot/.m2/repository/org/mapstruct/mapstruct/1.5.5.Final/mapstruct-1.5.5.Final.jar:"/>
    <property name="java.vm.vendor" value="Eclipse Adoptium"/>
    <property name="sun.arch.data.model" value="64"/>
    <property name="java.vendor.url" value="https://adoptium.net/"/>
    <property name="user.timezone" value="Europe/London"/>
    <property name="org.jboss.logging.provider" value="slf4j"/>
    <property name="os.name" value="Mac OS X"/>
    <property name="java.vm.specification.version" value="21"/>
    <property name="sun.java.launcher" value="SUN_STANDARD"/>
    <property name="user.country" value="GB"/>
    <property name="sun.boot.library.path" value="/Users/suvarnathekkoot/.sdkman/candidates/java/21.0.1-tem/lib"/>
    <property name="sun.java.command" value="/Users/suvarnathekkoot/Repo/accounts-user-api/target/surefire/surefirebooter-20240207121101067_3.jar /Users/suvarnathekkoot/Repo/accounts-user-api/target/surefire 2024-02-07T12-11-00_965-jvmRun1 surefire-20240207121101067_1tmp surefire_0-20240207121101067_2tmp"/>
    <property name="jdk.debug" value="release"/>
    <property name="surefire.test.class.path" value="/Users/suvarnathekkoot/Repo/accounts-user-api/target/test-classes:/Users/suvarnathekkoot/Repo/accounts-user-api/target/classes:/Users/suvarnathekkoot/.m2/repository/org/springframework/boot/spring-boot-starter-web/3.2.2/spring-boot-starter-web-3.2.2.jar:/Users/suvarnathekkoot/.m2/repository/org/springframework/boot/spring-boot-starter/3.2.2/spring-boot-starter-3.2.2.jar:/Users/suvarnathekkoot/.m2/repository/org/springframework/boot/spring-boot/3.2.2/spring-boot-3.2.2.jar:/Users/suvarnathekkoot/.m2/repository/org/springframework/boot/spring-boot-starter-logging/3.2.2/spring-boot-starter-logging-3.2.2.jar:/Users/suvarnathekkoot/.m2/repository/ch/qos/logback/logback-classic/1.4.14/logback-classic-1.4.14.jar:/Users/suvarnathekkoot/.m2/repository/ch/qos/logback/logback-core/1.4.14/logback-core-1.4.14.jar:/Users/suvarnathekkoot/.m2/repository/org/apache/logging/log4j/log4j-to-slf4j/2.21.1/log4j-to-slf4j-2.21.1.jar:/Users/suvarnathekkoot/.m2/repository/org/apache/logging/log4j/log4j-api/2.21.1/log4j-api-2.21.1.jar:/Users/suvarnathekkoot/.m2/repository/org/slf4j/jul-to-slf4j/2.0.11/jul-to-slf4j-2.0.11.jar:/Users/suvarnathekkoot/.m2/repository/org/springframework/boot/spring-boot-starter-json/3.2.2/spring-boot-starter-json-3.2.2.jar:/Users/suvarnathekkoot/.m2/repository/com/fasterxml/jackson/datatype/jackson-datatype-jdk8/2.15.3/jackson-datatype-jdk8-2.15.3.jar:/Users/suvarnathekkoot/.m2/repository/com/fasterxml/jackson/module/jackson-module-parameter-names/2.15.3/jackson-module-parameter-names-2.15.3.jar:/Users/suvarnathekkoot/.m2/repository/org/springframework/boot/spring-boot-starter-tomcat/3.2.2/spring-boot-starter-tomcat-3.2.2.jar:/Users/suvarnathekkoot/.m2/repository/org/springframework/spring-web/6.1.3/spring-web-6.1.3.jar:/Users/suvarnathekkoot/.m2/repository/org/springframework/spring-beans/6.1.3/spring-beans-6.1.3.jar:/Users/suvarnathekkoot/.m2/repository/org/springframework/spring-webmvc/6.1.3/spring-webmvc-6.1.3.jar:/Users/suvarnathekkoot/.m2/repository/org/springframework/spring-aop/6.1.3/spring-aop-6.1.3.jar:/Users/suvarnathekkoot/.m2/repository/org/springframework/spring-context/6.1.3/spring-context-6.1.3.jar:/Users/suvarnathekkoot/.m2/repository/org/springframework/spring-expression/6.1.3/spring-expression-6.1.3.jar:/Users/suvarnathekkoot/.m2/repository/org/springframework/boot/spring-boot-starter-actuator/3.2.2/spring-boot-starter-actuator-3.2.2.jar:/Users/suvarnathekkoot/.m2/repository/org/springframework/boot/spring-boot-actuator-autoconfigure/3.2.2/spring-boot-actuator-autoconfigure-3.2.2.jar:/Users/suvarnathekkoot/.m2/repository/org/springframework/boot/spring-boot-actuator/3.2.2/spring-boot-actuator-3.2.2.jar:/Users/suvarnathekkoot/.m2/repository/io/micrometer/micrometer-observation/1.12.2/micrometer-observation-1.12.2.jar:/Users/suvarnathekkoot/.m2/repository/io/micrometer/micrometer-commons/1.12.2/micrometer-commons-1.12.2.jar:/Users/suvarnathekkoot/.m2/repository/io/micrometer/micrometer-jakarta9/1.12.2/micrometer-jakarta9-1.12.2.jar:/Users/suvarnathekkoot/.m2/repository/io/micrometer/micrometer-core/1.12.2/micrometer-core-1.12.2.jar:/Users/suvarnathekkoot/.m2/repository/org/hdrhistogram/HdrHistogram/2.1.12/HdrHistogram-2.1.12.jar:/Users/suvarnathekkoot/.m2/repository/org/latencyutils/LatencyUtils/2.0.3/LatencyUtils-2.0.3.jar:/Users/suvarnathekkoot/.m2/repository/org/springframework/boot/spring-boot-starter-validation/3.2.2/spring-boot-starter-validation-3.2.2.jar:/Users/suvarnathekkoot/.m2/repository/org/apache/tomcat/embed/tomcat-embed-el/10.1.18/tomcat-embed-el-10.1.18.jar:/Users/suvarnathekkoot/.m2/repository/org/hibernate/validator/hibernate-validator/8.0.1.Final/hibernate-validator-8.0.1.Final.jar:/Users/suvarnathekkoot/.m2/repository/org/jboss/logging/jboss-logging/3.5.3.Final/jboss-logging-3.5.3.Final.jar:/Users/suvarnathekkoot/.m2/repository/com/fasterxml/classmate/1.6.0/classmate-1.6.0.jar:/Users/suvarnathekkoot/.m2/repository/uk/gov/companieshouse/structured-logging/3.0.1/structured-logging-3.0.1.jar:/Users/suvarnathekkoot/.m2/repository/com/fasterxml/jackson/datatype/jackson-datatype-jsr310/2.15.3/jackson-datatype-jsr310-2.15.3.jar:/Users/suvarnathekkoot/.m2/repository/com/fasterxml/jackson/core/jackson-annotations/2.15.3/jackson-annotations-2.15.3.jar:/Users/suvarnathekkoot/.m2/repository/com/fasterxml/jackson/core/jackson-core/2.15.3/jackson-core-2.15.3.jar:/Users/suvarnathekkoot/.m2/repository/commons-lang/commons-lang/2.6/commons-lang-2.6.jar:/Users/suvarnathekkoot/.m2/repository/uk/gov/companieshouse/rest-service-common-library/2.0.2/rest-service-common-library-2.0.2.jar:/Users/suvarnathekkoot/.m2/repository/com/fasterxml/jackson/core/jackson-databind/2.15.3/jackson-databind-2.15.3.jar:/Users/suvarnathekkoot/.m2/repository/org/apache/tomcat/embed/tomcat-embed-websocket/10.1.18/tomcat-embed-websocket-10.1.18.jar:/Users/suvarnathekkoot/.m2/repository/org/yaml/snakeyaml/2.2/snakeyaml-2.2.jar:/Users/suvarnathekkoot/.m2/repository/org/apache/tomcat/embed/tomcat-embed-core/10.1.18/tomcat-embed-core-10.1.18.jar:/Users/suvarnathekkoot/.m2/repository/org/apache/tomcat/tomcat-annotations-api/10.1.18/tomcat-annotations-api-10.1.18.jar:/Users/suvarnathekkoot/.m2/repository/org/springframework/spring-core/6.1.3/spring-core-6.1.3.jar:/Users/suvarnathekkoot/.m2/repository/org/springframework/spring-jcl/6.1.3/spring-jcl-6.1.3.jar:/Users/suvarnathekkoot/.m2/repository/org/springframework/boot/spring-boot-starter-data-mongodb/3.2.2/spring-boot-starter-data-mongodb-3.2.2.jar:/Users/suvarnathekkoot/.m2/repository/org/mongodb/mongodb-driver-sync/4.11.1/mongodb-driver-sync-4.11.1.jar:/Users/suvarnathekkoot/.m2/repository/org/mongodb/bson/4.11.1/bson-4.11.1.jar:/Users/suvarnathekkoot/.m2/repository/org/mongodb/mongodb-driver-core/4.11.1/mongodb-driver-core-4.11.1.jar:/Users/suvarnathekkoot/.m2/repository/org/mongodb/bson-record-codec/4.11.1/bson-record-codec-4.11.1.jar:/Users/suvarnathekkoot/.m2/repository/org/springframework/data/spring-data-mongodb/4.2.2/spring-data-mongodb-4.2.2.jar:/Users/suvarnathekkoot/.m2/repository/org/springframework/spring-tx/6.1.3/spring-tx-6.1.3.jar:/Users/suvarnathekkoot/.m2/repository/org/springframework/data/spring-data-commons/3.2.2/spring-data-commons-3.2.2.jar:/Users/suvarnathekkoot/.m2/repository/org/slf4j/slf4j-api/2.0.11/slf4j-api-2.0.11.jar:/Users/suvarnathekkoot/.m2/repository/org/springframework/boot/spring-boot-starter-test/3.2.2/spring-boot-starter-test-3.2.2.jar:/Users/suvarnathekkoot/.m2/repository/org/springframework/boot/spring-boot-test/3.2.2/spring-boot-test-3.2.2.jar:/Users/suvarnathekkoot/.m2/repository/org/springframework/boot/spring-boot-test-autoconfigure/3.2.2/spring-boot-test-autoconfigure-3.2.2.jar:/Users/suvarnathekkoot/.m2/repository/com/jayway/jsonpath/json-path/2.8.0/json-path-2.8.0.jar:/Users/suvarnathekkoot/.m2/repository/jakarta/xml/bind/jakarta.xml.bind-api/4.0.1/jakarta.xml.bind-api-4.0.1.jar:/Users/suvarnathekkoot/.m2/repository/jakarta/activation/jakarta.activation-api/2.1.2/jakarta.activation-api-2.1.2.jar:/Users/suvarnathekkoot/.m2/repository/net/minidev/json-smart/2.5.0/json-smart-2.5.0.jar:/Users/suvarnathekkoot/.m2/repository/net/minidev/accessors-smart/2.5.0/accessors-smart-2.5.0.jar:/Users/suvarnathekkoot/.m2/repository/org/ow2/asm/asm/9.3/asm-9.3.jar:/Users/suvarnathekkoot/.m2/repository/org/assertj/assertj-core/3.24.2/assertj-core-3.24.2.jar:/Users/suvarnathekkoot/.m2/repository/net/bytebuddy/byte-buddy/1.14.11/byte-buddy-1.14.11.jar:/Users/suvarnathekkoot/.m2/repository/org/awaitility/awaitility/4.2.0/awaitility-4.2.0.jar:/Users/suvarnathekkoot/.m2/repository/org/hamcrest/hamcrest/2.2/hamcrest-2.2.jar:/Users/suvarnathekkoot/.m2/repository/org/junit/jupiter/junit-jupiter/5.10.1/junit-jupiter-5.10.1.jar:/Users/suvarnathekkoot/.m2/repository/org/junit/jupiter/junit-jupiter-api/5.10.1/junit-jupiter-api-5.10.1.jar:/Users/suvarnathekkoot/.m2/repository/org/opentest4j/opentest4j/1.3.0/opentest4j-1.3.0.jar:/Users/suvarnathekkoot/.m2/repository/org/junit/platform/junit-platform-commons/1.10.1/junit-platform-commons-1.10.1.jar:/Users/suvarnathekkoot/.m2/repository/org/apiguardian/apiguardian-api/1.1.2/apiguardian-api-1.1.2.jar:/Users/suvarnathekkoot/.m2/repository/org/junit/jupiter/junit-jupiter-params/5.10.1/junit-jupiter-params-5.10.1.jar:/Users/suvarnathekkoot/.m2/repository/org/junit/jupiter/junit-jupiter-engine/5.10.1/junit-jupiter-engine-5.10.1.jar:/Users/suvarnathekkoot/.m2/repository/org/junit/platform/junit-platform-engine/1.10.1/junit-platform-engine-1.10.1.jar:/Users/suvarnathekkoot/.m2/repository/org/mockito/mockito-core/5.7.0/mockito-core-5.7.0.jar:/Users/suvarnathekkoot/.m2/repository/net/bytebuddy/byte-buddy-agent/1.14.11/byte-buddy-agent-1.14.11.jar:/Users/suvarnathekkoot/.m2/repository/org/objenesis/objenesis/3.3/objenesis-3.3.jar:/Users/suvarnathekkoot/.m2/repository/org/mockito/mockito-junit-jupiter/5.7.0/mockito-junit-jupiter-5.7.0.jar:/Users/suvarnathekkoot/.m2/repository/org/skyscreamer/jsonassert/1.5.1/jsonassert-1.5.1.jar:/Users/suvarnathekkoot/.m2/repository/com/vaadin/external/google/android-json/0.0.20131108.vaadin1/android-json-0.0.20131108.vaadin1.jar:/Users/suvarnathekkoot/.m2/repository/org/springframework/spring-test/6.1.3/spring-test-6.1.3.jar:/Users/suvarnathekkoot/.m2/repository/org/xmlunit/xmlunit-core/2.9.1/xmlunit-core-2.9.1.jar:/Users/suvarnathekkoot/.m2/repository/org/sonarsource/scanner/maven/sonar-maven-plugin/3.10.0.2594/sonar-maven-plugin-3.10.0.2594.jar:/Users/suvarnathekkoot/.m2/repository/org/codehaus/plexus/plexus-sec-dispatcher/2.0/plexus-sec-dispatcher-2.0.jar:/Users/suvarnathekkoot/.m2/repository/org/codehaus/plexus/plexus-utils/3.4.1/plexus-utils-3.4.1.jar:/Users/suvarnathekkoot/.m2/repository/org/codehaus/plexus/plexus-cipher/2.0/plexus-cipher-2.0.jar:/Users/suvarnathekkoot/.m2/repository/javax/inject/javax.inject/1/javax.inject-1.jar:/Users/suvarnathekkoot/.m2/repository/org/sonarsource/scanner/api/sonar-scanner-api/2.16.3.1081/sonar-scanner-api-2.16.3.1081.jar:/Users/suvarnathekkoot/.m2/repository/junit/junit/4.13.2/junit-4.13.2.jar:/Users/suvarnathekkoot/.m2/repository/org/hamcrest/hamcrest-core/2.2/hamcrest-core-2.2.jar:/Users/suvarnathekkoot/.m2/repository/org/springframework/boot/spring-boot-testcontainers/3.2.2/spring-boot-testcontainers-3.2.2.jar:/Users/suvarnathekkoot/.m2/repository/org/springframework/boot/spring-boot-autoconfigure/3.2.2/spring-boot-autoconfigure-3.2.2.jar:/Users/suvarnathekkoot/.m2/repository/org/testcontainers/testcontainers/1.19.3/testcontainers-1.19.3.jar:/Users/suvarnathekkoot/.m2/repository/org/apache/commons/commons-compress/1.24.0/commons-compress-1.24.0.jar:/Users/suvarnathekkoot/.m2/repository/org/rnorth/duct-tape/duct-tape/1.0.8/duct-tape-1.0.8.jar:/Users/suvarnathekkoot/.m2/repository/org/jetbrains/annotations/17.0.0/annotations-17.0.0.jar:/Users/suvarnathekkoot/.m2/repository/com/github/docker-java/docker-java-api/3.3.4/docker-java-api-3.3.4.jar:/Users/suvarnathekkoot/.m2/repository/com/github/docker-java/docker-java-transport-zerodep/3.3.4/docker-java-transport-zerodep-3.3.4.jar:/Users/suvarnathekkoot/.m2/repository/com/github/docker-java/docker-java-transport/3.3.4/docker-java-transport-3.3.4.jar:/Users/suvarnathekkoot/.m2/repository/net/java/dev/jna/jna/5.13.0/jna-5.13.0.jar:/Users/suvarnathekkoot/.m2/repository/org/testcontainers/mongodb/1.19.3/mongodb-1.19.3.jar:/Users/suvarnathekkoot/.m2/repository/org/testcontainers/junit-jupiter/1.19.3/junit-jupiter-1.19.3.jar:/Users/suvarnathekkoot/.m2/repository/uk/gov/companieshouse/private-api-sdk-java/4.0.42/private-api-sdk-java-4.0.42.jar:/Users/suvarnathekkoot/.m2/repository/uk/gov/companieshouse/api-sdk-java/6.0.7/api-sdk-java-6.0.7.jar:/Users/suvarnathekkoot/.m2/repository/javax/validation/validation-api/2.0.1.Final/validation-api-2.0.1.Final.jar:/Users/suvarnathekkoot/.m2/repository/uk/gov/companieshouse/private.api.ch.gov.uk-specifications/0.1.179/private.api.ch.gov.uk-specifications-0.1.179.jar:/Users/suvarnathekkoot/.m2/repository/org/openapitools/jackson-databind-nullable/0.2.6/jackson-databind-nullable-0.2.6.jar:/Users/suvarnathekkoot/.m2/repository/jakarta/validation/jakarta.validation-api/3.0.2/jakarta.validation-api-3.0.2.jar:/Users/suvarnathekkoot/.m2/repository/jakarta/annotation/jakarta.annotation-api/2.1.1/jakarta.annotation-api-2.1.1.jar:/Users/suvarnathekkoot/.m2/repository/io/swagger/core/v3/swagger-core/2.2.18/swagger-core-2.2.18.jar:/Users/suvarnathekkoot/.m2/repository/com/fasterxml/jackson/dataformat/jackson-dataformat-yaml/2.15.3/jackson-dataformat-yaml-2.15.3.jar:/Users/suvarnathekkoot/.m2/repository/io/swagger/core/v3/swagger-annotations/2.2.18/swagger-annotations-2.2.18.jar:/Users/suvarnathekkoot/.m2/repository/io/swagger/core/v3/swagger-models/2.2.18/swagger-models-2.2.18.jar:/Users/suvarnathekkoot/.m2/repository/javax/annotation/javax.annotation-api/1.3.2/javax.annotation-api-1.3.2.jar:/Users/suvarnathekkoot/.m2/repository/org/apache/commons/commons-lang3/3.13.0/commons-lang3-3.13.0.jar:/Users/suvarnathekkoot/.m2/repository/uk/gov/companieshouse/api-sdk-manager-java-library/3.0.5/api-sdk-manager-java-library-3.0.5.jar:/Users/suvarnathekkoot/.m2/repository/com/google/http-client/google-http-client-jackson2/1.43.3/google-http-client-jackson2-1.43.3.jar:/Users/suvarnathekkoot/.m2/repository/com/google/http-client/google-http-client/1.43.3/google-http-client-1.43.3.jar:/Users/suvarnathekkoot/.m2/repository/org/apache/httpcomponents/httpclient/4.5.14/httpclient-4.5.14.jar:/Users/suvarnathekkoot/.m2/repository/commons-codec/commons-codec/1.16.0/commons-codec-1.16.0.jar:/Users/suvarnathekkoot/.m2/repository/org/apache/httpcomponents/httpcore/4.4.16/httpcore-4.4.16.jar:/Users/suvarnathekkoot/.m2/repository/io/opencensus/opencensus-api/0.31.1/opencensus-api-0.31.1.jar:/Users/suvarnathekkoot/.m2/repository/io/opencensus/opencensus-contrib-http-util/0.31.1/opencensus-contrib-http-util-0.31.1.jar:/Users/suvarnathekkoot/.m2/repository/io/grpc/grpc-context/1.60.1/grpc-context-1.60.1.jar:/Users/suvarnathekkoot/.m2/repository/io/grpc/grpc-api/1.60.1/grpc-api-1.60.1.jar:/Users/suvarnathekkoot/.m2/repository/com/google/code/gson/gson/2.10.1/gson-2.10.1.jar:/Users/suvarnathekkoot/.m2/repository/com/google/oauth-client/google-oauth-client/1.34.1/google-oauth-client-1.34.1.jar:/Users/suvarnathekkoot/.m2/repository/com/google/http-client/google-http-client-gson/1.42.0/google-http-client-gson-1.42.0.jar:/Users/suvarnathekkoot/.m2/repository/com/google/guava/guava/32.1.1-android/guava-32.1.1-android.jar:/Users/suvarnathekkoot/.m2/repository/com/google/guava/failureaccess/1.0.1/failureaccess-1.0.1.jar:/Users/suvarnathekkoot/.m2/repository/com/google/guava/listenablefuture/9999.0-empty-to-avoid-conflict-with-guava/listenablefuture-9999.0-empty-to-avoid-conflict-with-guava.jar:/Users/suvarnathekkoot/.m2/repository/com/google/code/findbugs/jsr305/3.0.2/jsr305-3.0.2.jar:/Users/suvarnathekkoot/.m2/repository/org/checkerframework/checker-qual/3.33.0/checker-qual-3.33.0.jar:/Users/suvarnathekkoot/.m2/repository/com/google/errorprone/error_prone_annotations/2.18.0/error_prone_annotations-2.18.0.jar:/Users/suvarnathekkoot/.m2/repository/com/google/j2objc/j2objc-annotations/2.8/j2objc-annotations-2.8.jar:/Users/suvarnathekkoot/.m2/repository/uk/gov/companieshouse/environment-reader-library/3.0.0/environment-reader-library-3.0.0.jar:/Users/suvarnathekkoot/.m2/repository/commons-validator/commons-validator/1.7/commons-validator-1.7.jar:/Users/suvarnathekkoot/.m2/repository/commons-beanutils/commons-beanutils/1.9.4/commons-beanutils-1.9.4.jar:/Users/suvarnathekkoot/.m2/repository/commons-digester/commons-digester/2.1/commons-digester-2.1.jar:/Users/suvarnathekkoot/.m2/repository/commons-logging/commons-logging/1.2/commons-logging-1.2.jar:/Users/suvarnathekkoot/.m2/repository/commons-collections/commons-collections/3.2.2/commons-collections-3.2.2.jar:/Users/suvarnathekkoot/.m2/repository/javax/servlet/servlet-api/2.5/servlet-api-2.5.jar:/Users/suvarnathekkoot/.m2/repository/uk/gov/companieshouse/api-security-java/2.0.3/api-security-java-2.0.3.jar:/Users/suvarnathekkoot/.m2/repository/org/apache/commons/commons-collections4/4.4/commons-collections4-4.4.jar:/Users/suvarnathekkoot/.m2/repository/org/mapstruct/mapstruct/1.5.5.Final/mapstruct-1.5.5.Final.jar:"/>
    <property name="sun.cpu.endian" value="little"/>
    <property name="user.home" value="/Users/suvarnathekkoot"/>
    <property name="user.language" value="en"/>
    <property name="java.specification.vendor" value="Oracle Corporation"/>
    <property name="java.version.date" value="2023-10-17"/>
    <property name="java.home" value="/Users/suvarnathekkoot/.sdkman/candidates/java/21.0.1-tem"/>
    <property name="file.separator" value="/"/>
    <property name="basedir" value="/Users/suvarnathekkoot/Repo/accounts-user-api"/>
    <property name="java.vm.compressedOopsMode" value="Zero based"/>
    <property name="line.separator" value="&#10;"/>
    <property name="java.vm.specification.vendor" value="Oracle Corporation"/>
    <property name="java.specification.name" value="Java Platform API Specification"/>
    <property name="FILE_LOG_CHARSET" value="UTF-8"/>
    <property name="java.awt.headless" value="true"/>
    <property name="apple.awt.application.name" value="ForkedBooter"/>
    <property name="surefire.real.class.path" value="/Users/suvarnathekkoot/Repo/accounts-user-api/target/surefire/surefirebooter-20240207121101067_3.jar"/>
    <property name="sun.management.compiler" value="HotSpot 64-Bit Tiered Compilers"/>
    <property name="java.runtime.version" value="21.0.1+12-LTS"/>
    <property name="user.name" value="suvarnathekkoot"/>
    <property name="stdout.encoding" value="UTF-8"/>
    <property name="path.separator" value=":"/>
    <property name="os.version" value="13.6"/>
    <property name="java.runtime.name" value="OpenJDK Runtime Environment"/>
    <property name="file.encoding" value="UTF-8"/>
    <property name="java.vm.name" value="OpenJDK 64-Bit Server VM"/>
    <property name="java.vendor.version" value="Temurin-21.0.1+12"/>
    <property name="localRepository" value="/Users/suvarnathekkoot/.m2/repository"/>
    <property name="java.vendor.url.bug" value="https://github.com/adoptium/adoptium-support/issues"/>
    <property name="java.io.tmpdir" value="/var/folders/jv/dyzzfvc16hdbgl9yvqgnwyn40000gn/T/"/>
    <property name="idea.version" value="2023.2.5"/>
    <property name="java.version" value="21.0.1"/>
    <property name="user.dir" value="/Users/suvarnathekkoot/Repo/accounts-user-api"/>
    <property name="os.arch" value="aarch64"/>
    <property name="java.vm.specification.name" value="Java Virtual Machine Specification"/>
    <property name="PID" value="8452"/>
    <property name="CONSOLE_LOG_CHARSET" value="UTF-8"/>
    <property name="native.encoding" value="UTF-8"/>
    <property name="java.library.path" value="/Users/suvarnathekkoot/Library/Java/Extensions:/Library/Java/Extensions:/Network/Library/Java/Extensions:/System/Library/Java/Extensions:/usr/lib/java:."/>
    <property name="java.vm.info" value="mixed mode"/>
    <property name="stderr.encoding" value="UTF-8"/>
    <property name="java.vendor" value="Eclipse Adoptium"/>
    <property name="java.vm.version" value="21.0.1+12-LTS"/>
    <property name="sun.io.unicode.encoding" value="UnicodeBig"/>
    <property name="java.class.version" value="65.0"/>
  </properties>
  <testcase name="getUserRolesWithMalformedUserIDReturnsEmptyList" classname="uk.gov.companieshouse.accounts.user.controller.FindRolesBasedOnUserIDControllerTest" time="0.015">
    <failure message="Status expected:&lt;404&gt; but was:&lt;204&gt;" type="java.lang.AssertionError"><![CDATA[java.lang.AssertionError: Status expected:<404> but was:<204>
	at org.springframework.test.util.AssertionErrors.fail(AssertionErrors.java:59)
	at org.springframework.test.util.AssertionErrors.assertEquals(AssertionErrors.java:122)
	at org.springframework.test.web.servlet.result.StatusResultMatchers.lambda$matcher$9(StatusResultMatchers.java:637)
	at org.springframework.test.web.servlet.MockMvc$1.andExpect(MockMvc.java:214)
	at uk.gov.companieshouse.accounts.user.controller.FindRolesBasedOnUserIDControllerTest.getUserRolesWithMalformedUserIDReturnsEmptyList(FindRolesBasedOnUserIDControllerTest.java:83)
	at java.base/java.lang.reflect.Method.invoke(Method.java:580)
	at java.base/java.util.ArrayList.forEach(ArrayList.java:1596)
	at java.base/java.util.ArrayList.forEach(ArrayList.java:1596)
]]></failure>
    <system-out><![CDATA[
{"data":{"message":"Could not detect default configuration classes for test class [uk.gov.companieshouse.accounts.user.controller.FindRolesBasedOnUserIDControllerTest]: FindRolesBasedOnUserIDControllerTest does not declare any static, non-private, non-final, nested classes annotated with @Configuration."},"created":"2024-02-07T12:11:16.340Z","event":"info"}
{"data":{"message":"Found @SpringBootConfiguration uk.gov.companieshouse.accounts.user.AccountsUserServiceApplication for test class uk.gov.companieshouse.accounts.user.controller.FindRolesBasedOnUserIDControllerTest"},"created":"2024-02-07T12:11:16.344Z","event":"info"}
  .   ____          _            __ _ _
 /\\ / ___'_ __ _ _(_)_ __  __ _ \ \ \ \
( ( )\___ | '_ | '_| | '_ \/ _` | \ \ \ \
 \\/  ___)| |_)| | | | | || (_| |  ) ) ) )
  '  |____| .__|_| |_|_| |_\__, | / / / /
 =========|_|==============|___/=/_/_/_/
 :: Spring Boot ::                (v3.2.2)


{"data":{"message":"Starting FindRolesBasedOnUserIDControllerTest using Java 21.0.1 with PID 8452 (started by suvarnathekkoot in /Users/suvarnathekkoot/Repo/accounts-user-api)"},"created":"2024-02-07T12:11:16.355Z","event":"info"}
{"data":{"message":"Running with Spring Boot v3.2.2, Spring v6.1.3"},"created":"2024-02-07T12:11:16.355Z","event":"debug"}
{"data":{"message":"No active profile set, falling back to 1 default profile: \"default\""},"created":"2024-02-07T12:11:16.355Z","event":"info"}
{"data":{"message":"Autowired annotation is not supported on static fields: public static java.lang.String uk.gov.companieshouse.accounts.user.AccountsUserServiceApplication.applicationNameSpace"},"created":"2024-02-07T12:11:16.405Z","event":"info"}
{"data":{"message":"Initializing Spring TestDispatcherServlet ''"},"created":"2024-02-07T12:11:16.465Z","event":"info"}
{"data":{"message":"Initializing Servlet ''"},"created":"2024-02-07T12:11:16.465Z","event":"info"}
{"data":{"message":"Completed initialization in 0 ms"},"created":"2024-02-07T12:11:16.465Z","event":"info"}
{"data":{"message":"Started FindRolesBasedOnUserIDControllerTest in 0.121 seconds (process running for 15.34)"},"created":"2024-02-07T12:11:16.468Z","event":"info"}
{"created":"2024-02-07T12:11:16.477Z","event":"debug","data":{"message":"theId: Retrieving user roles for user (abc) ..."}}
{"created":"2024-02-07T12:11:16.477Z","event":"debug","data":{"message":"theId: Unable to find roles for the userId: abc"}}
MockHttpServletRequest:
      HTTP Method = GET
      Request URI = /users/abc/roles
       Parameters = {}
          Headers = [X-Request-Id:"theId"]
             Body = null
    Session Attrs = {}

Handler:
             Type = uk.gov.companieshouse.accounts.user.controller.FindRolesBasedOnUserIDController
           Method = uk.gov.companieshouse.accounts.user.controller.FindRolesBasedOnUserIDController#getUserRoles(String, String)

Async:
    Async started = false
     Async result = null

Resolved Exception:
             Type = null

ModelAndView:
        View name = null
             View = null
            Model = null

FlashMap:
       Attributes = null

MockHttpServletResponse:
           Status = 204
    Error message = null
          Headers = [Content-Type:"application/json"]
     Content type = application/json
             Body = []
    Forwarded URL = null
   Redirected URL = null
          Cookies = []
]]></system-out>
  </testcase>
  <testcase name="getUserRolesWithNonexistentUserIDReturnsNotFound" classname="uk.gov.companieshouse.accounts.user.controller.FindRolesBasedOnUserIDControllerTest" time="0.003">
    <failure message="Status expected:&lt;404&gt; but was:&lt;204&gt;" type="java.lang.AssertionError"><![CDATA[java.lang.AssertionError: Status expected:<404> but was:<204>
	at org.springframework.test.util.AssertionErrors.fail(AssertionErrors.java:59)
	at org.springframework.test.util.AssertionErrors.assertEquals(AssertionErrors.java:122)
	at org.springframework.test.web.servlet.result.StatusResultMatchers.lambda$matcher$9(StatusResultMatchers.java:637)
	at org.springframework.test.web.servlet.MockMvc$1.andExpect(MockMvc.java:214)
	at uk.gov.companieshouse.accounts.user.controller.FindRolesBasedOnUserIDControllerTest.getUserRolesWithNonexistentUserIDReturnsNotFound(FindRolesBasedOnUserIDControllerTest.java:88)
	at java.base/java.lang.reflect.Method.invoke(Method.java:580)
	at java.base/java.util.ArrayList.forEach(ArrayList.java:1596)
	at java.base/java.util.ArrayList.forEach(ArrayList.java:1596)
]]></failure>
    <system-out><![CDATA[
{"created":"2024-02-07T12:11:16.486Z","event":"debug","data":{"message":"theId: Retrieving user roles for user (111111) ..."}}
{"created":"2024-02-07T12:11:16.486Z","event":"debug","data":{"message":"theId: Unable to find roles for the userId: 111111"}}
MockHttpServletRequest:
      HTTP Method = GET
      Request URI = /users/111111/roles
       Parameters = {}
          Headers = [X-Request-Id:"theId"]
             Body = null
    Session Attrs = {}

Handler:
             Type = uk.gov.companieshouse.accounts.user.controller.FindRolesBasedOnUserIDController
           Method = uk.gov.companieshouse.accounts.user.controller.FindRolesBasedOnUserIDController#getUserRoles(String, String)

Async:
    Async started = false
     Async result = null

Resolved Exception:
             Type = null

ModelAndView:
        View name = null
             View = null
            Model = null

FlashMap:
       Attributes = null

MockHttpServletResponse:
           Status = 204
    Error message = null
          Headers = [Content-Type:"application/json"]
     Content type = application/json
             Body = []
    Forwarded URL = null
   Redirected URL = null
          Cookies = []
]]></system-out>
  </testcase>
  <testcase name="getUserRolesWithOneUserIdReturnsMultipleRoles" classname="uk.gov.companieshouse.accounts.user.controller.FindRolesBasedOnUserIDControllerTest" time="0.004">
    <failure message="Status expected:&lt;200&gt; but was:&lt;204&gt;" type="java.lang.AssertionError"><![CDATA[java.lang.AssertionError: Status expected:<200> but was:<204>
	at org.springframework.test.util.AssertionErrors.fail(AssertionErrors.java:59)
	at org.springframework.test.util.AssertionErrors.assertEquals(AssertionErrors.java:122)
	at org.springframework.test.web.servlet.result.StatusResultMatchers.lambda$matcher$9(StatusResultMatchers.java:637)
	at org.springframework.test.web.servlet.MockMvc$1.andExpect(MockMvc.java:214)
	at uk.gov.companieshouse.accounts.user.controller.FindRolesBasedOnUserIDControllerTest.getUserRolesWithOneUserIdReturnsMultipleRoles(FindRolesBasedOnUserIDControllerTest.java:117)
	at java.base/java.lang.reflect.Method.invoke(Method.java:580)
	at java.base/java.util.ArrayList.forEach(ArrayList.java:1596)
	at java.base/java.util.ArrayList.forEach(ArrayList.java:1596)
]]></failure>
    <system-out><![CDATA[
{"created":"2024-02-07T12:11:16.490Z","event":"debug","data":{"message":"theId: Retrieving user roles for user (111) ..."}}
{"created":"2024-02-07T12:11:16.491Z","event":"debug","data":{"message":"theId: Unable to find roles for the userId: 111"}}
MockHttpServletRequest:
      HTTP Method = GET
      Request URI = /users/111/roles
       Parameters = {}
          Headers = [X-Request-Id:"theId"]
             Body = null
    Session Attrs = {}

Handler:
             Type = uk.gov.companieshouse.accounts.user.controller.FindRolesBasedOnUserIDController
           Method = uk.gov.companieshouse.accounts.user.controller.FindRolesBasedOnUserIDController#getUserRoles(String, String)

Async:
    Async started = false
     Async result = null

Resolved Exception:
             Type = null

ModelAndView:
        View name = null
             View = null
            Model = null

FlashMap:
       Attributes = null

MockHttpServletResponse:
           Status = 204
    Error message = null
          Headers = [Content-Type:"application/json"]
     Content type = application/json
             Body = []
    Forwarded URL = null
   Redirected URL = null
          Cookies = []
]]></system-out>
  </testcase>
  <testcase name="getUserRolesWithMissingParamsReturnsNotFound" classname="uk.gov.companieshouse.accounts.user.controller.FindRolesBasedOnUserIDControllerTest" time="0.003">
    <failure message="Status expected:&lt;404&gt; but was:&lt;204&gt;" type="java.lang.AssertionError"><![CDATA[java.lang.AssertionError: Status expected:<404> but was:<204>
	at org.springframework.test.util.AssertionErrors.fail(AssertionErrors.java:59)
	at org.springframework.test.util.AssertionErrors.assertEquals(AssertionErrors.java:122)
	at org.springframework.test.web.servlet.result.StatusResultMatchers.lambda$matcher$9(StatusResultMatchers.java:637)
	at org.springframework.test.web.servlet.MockMvc$1.andExpect(MockMvc.java:214)
	at uk.gov.companieshouse.accounts.user.controller.FindRolesBasedOnUserIDControllerTest.getUserRolesWithMissingParamsReturnsNotFound(FindRolesBasedOnUserIDControllerTest.java:74)
	at java.base/java.lang.reflect.Method.invoke(Method.java:580)
	at java.base/java.util.ArrayList.forEach(ArrayList.java:1596)
	at java.base/java.util.ArrayList.forEach(ArrayList.java:1596)
]]></failure>
    <system-out><![CDATA[
{"created":"2024-02-07T12:11:16.494Z","event":"debug","data":{"message":"theId: Retrieving user roles for user (333) ..."}}
{"created":"2024-02-07T12:11:16.495Z","event":"debug","data":{"message":"theId: Unable to find roles for the userId: 333"}}
MockHttpServletRequest:
      HTTP Method = GET
      Request URI = /users/333/roles
       Parameters = {}
          Headers = [X-Request-Id:"theId"]
             Body = null
    Session Attrs = {}

Handler:
             Type = uk.gov.companieshouse.accounts.user.controller.FindRolesBasedOnUserIDController
           Method = uk.gov.companieshouse.accounts.user.controller.FindRolesBasedOnUserIDController#getUserRoles(String, String)

Async:
    Async started = false
     Async result = null

Resolved Exception:
             Type = null

ModelAndView:
        View name = null
             View = null
            Model = null

FlashMap:
       Attributes = null

MockHttpServletResponse:
           Status = 204
    Error message = null
          Headers = [Content-Type:"application/json"]
     Content type = application/json
             Body = []
    Forwarded URL = null
   Redirected URL = null
          Cookies = []
]]></system-out>
  </testcase>
  <testcase name="getUserRolesWithOneUserIdReturnsOneRole" classname="uk.gov.companieshouse.accounts.user.controller.FindRolesBasedOnUserIDControllerTest" time="0.012">
    <failure message="Status expected:&lt;200&gt; but was:&lt;500&gt;" type="java.lang.AssertionError"><![CDATA[java.lang.AssertionError: Status expected:<200> but was:<500>
	at org.springframework.test.util.AssertionErrors.fail(AssertionErrors.java:59)
	at org.springframework.test.util.AssertionErrors.assertEquals(AssertionErrors.java:122)
	at org.springframework.test.web.servlet.result.StatusResultMatchers.lambda$matcher$9(StatusResultMatchers.java:637)
	at org.springframework.test.web.servlet.MockMvc$1.andExpect(MockMvc.java:214)
	at uk.gov.companieshouse.accounts.user.controller.FindRolesBasedOnUserIDControllerTest.getUserRolesWithOneUserIdReturnsOneRole(FindRolesBasedOnUserIDControllerTest.java:98)
	at java.base/java.lang.reflect.Method.invoke(Method.java:580)
	at java.base/java.util.ArrayList.forEach(ArrayList.java:1596)
	at java.base/java.util.ArrayList.forEach(ArrayList.java:1596)
]]></failure>
    <system-out><![CDATA[
{"created":"2024-02-07T12:11:16.499Z","event":"debug","data":{"message":"theId: Retrieving user roles for user (111) ..."}}
{"created":"2024-02-07T12:11:16.499Z","event":"debug","data":{"message":"theId: Successfully retrieved roles for the userId: 111"}}
MockHttpServletRequest:
      HTTP Method = GET
      Request URI = /users/111/roles
       Parameters = {}
          Headers = [X-Request-Id:"theId"]
             Body = null
    Session Attrs = {}

Handler:
             Type = uk.gov.companieshouse.accounts.user.controller.FindRolesBasedOnUserIDController
           Method = uk.gov.companieshouse.accounts.user.controller.FindRolesBasedOnUserIDController#getUserRoles(String, String)

Async:
    Async started = false
     Async result = null

Resolved Exception:
             Type = org.springframework.http.converter.HttpMessageNotWritableException

ModelAndView:
        View name = null
             View = null
            Model = null

FlashMap:
       Attributes = null

MockHttpServletResponse:
           Status = 500
    Error message = null
          Headers = [Content-Type:"application/json"]
     Content type = application/json
             Body = {"type":"about:blank","title":"Internal Server Error","status":500,"detail":"Failed to write request","instance":"/users/111/roles"}
    Forwarded URL = null
   Redirected URL = null
          Cookies = []
]]></system-out>
  </testcase>
</testsuite>