<?xml version="1.0" encoding="UTF-8"?>
<testsuite xmlns:xsi="http://www.w3.org/2001/XMLSchema-instance" xsi:noNamespaceSchemaLocation="https://maven.apache.org/surefire/maven-surefire-plugin/xsd/surefire-test-report-3.0.xsd" version="3.0" name="uk.gov.companieshouse.accounts.user.controller.ControllerAdviceTest" time="0.724" tests="4" errors="0" skipped="0" failures="0">
  <properties>
    <property name="java.specification.version" value="21"/>
    <property name="sun.jnu.encoding" value="UTF-8"/>
    <property name="java.class.path" value="/Users/suvarnathekkoot/Repo/accounts-user-api/target/test-classes:/Users/suvarnathekkoot/Repo/accounts-user-api/target/classes:/Users/suvarnathekkoot/.m2/repository/org/springframework/boot/spring-boot-starter-web/3.2.2/spring-boot-starter-web-3.2.2.jar:/Users/suvarnathekkoot/.m2/repository/org/springframework/boot/spring-boot-starter/3.2.2/spring-boot-starter-3.2.2.jar:/Users/suvarnathekkoot/.m2/repository/org/springframework/boot/spring-boot/3.2.2/spring-boot-3.2.2.jar:/Users/suvarnathekkoot/.m2/repository/org/springframework/boot/spring-boot-starter-logging/3.2.2/spring-boot-starter-logging-3.2.2.jar:/Users/suvarnathekkoot/.m2/repository/ch/qos/logback/logback-classic/1.4.14/logback-classic-1.4.14.jar:/Users/suvarnathekkoot/.m2/repository/ch/qos/logback/logback-core/1.4.14/logback-core-1.4.14.jar:/Users/suvarnathekkoot/.m2/repository/org/apache/logging/log4j/log4j-to-slf4j/2.21.1/log4j-to-slf4j-2.21.1.jar:/Users/suvarnathekkoot/.m2/repository/org/apache/logging/log4j/log4j-api/2.21.1/log4j-api-2.21.1.jar:/Users/suvarnathekkoot/.m2/repository/org/slf4j/jul-to-slf4j/2.0.11/jul-to-slf4j-2.0.11.jar:/Users/suvarnathekkoot/.m2/repository/org/springframework/boot/spring-boot-starter-json/3.2.2/spring-boot-starter-json-3.2.2.jar:/Users/suvarnathekkoot/.m2/repository/com/fasterxml/jackson/datatype/jackson-datatype-jdk8/2.15.3/jackson-datatype-jdk8-2.15.3.jar:/Users/suvarnathekkoot/.m2/repository/com/fasterxml/jackson/module/jackson-module-parameter-names/2.15.3/jackson-module-parameter-names-2.15.3.jar:/Users/suvarnathekkoot/.m2/repository/org/springframework/boot/spring-boot-starter-tomcat/3.2.2/spring-boot-starter-tomcat-3.2.2.jar:/Users/suvarnathekkoot/.m2/repository/org/springframework/spring-web/6.1.3/spring-web-6.1.3.jar:/Users/suvarnathekkoot/.m2/repository/org/springframework/spring-beans/6.1.3/spring-beans-6.1.3.jar:/Users/suvarnathekkoot/.m2/repository/org/springframework/spring-webmvc/6.1.3/spring-webmvc-6.1.3.jar:/Users/suvarnathekkoot/.m2/repository/org/springframework/spring-aop/6.1.3/spring-aop-6.1.3.jar:/Users/suvarnathekkoot/.m2/repository/org/springframework/spring-context/6.1.3/spring-context-6.1.3.jar:/Users/suvarnathekkoot/.m2/repository/org/springframework/spring-expression/6.1.3/spring-expression-6.1.3.jar:/Users/suvarnathekkoot/.m2/repository/org/springframework/boot/spring-boot-starter-actuator/3.2.2/spring-boot-starter-actuator-3.2.2.jar:/Users/suvarnathekkoot/.m2/repository/org/springframework/boot/spring-boot-actuator-autoconfigure/3.2.2/spring-boot-actuator-autoconfigure-3.2.2.jar:/Users/suvarnathekkoot/.m2/repository/org/springframework/boot/spring-boot-actuator/3.2.2/spring-boot-actuator-3.2.2.jar:/Users/suvarnathekkoot/.m2/repository/io/micrometer/micrometer-observation/1.12.2/micrometer-observation-1.12.2.jar:/Users/suvarnathekkoot/.m2/repository/io/micrometer/micrometer-commons/1.12.2/micrometer-commons-1.12.2.jar:/Users/suvarnathekkoot/.m2/repository/io/micrometer/micrometer-jakarta9/1.12.2/micrometer-jakarta9-1.12.2.jar:/Users/suvarnathekkoot/.m2/repository/io/micrometer/micrometer-core/1.12.2/micrometer-core-1.12.2.jar:/Users/suvarnathekkoot/.m2/repository/org/hdrhistogram/HdrHistogram/2.1.12/HdrHistogram-2.1.12.jar:/Users/suvarnathekkoot/.m2/repository/org/latencyutils/LatencyUtils/2.0.3/LatencyUtils-2.0.3.jar:/Users/suvarnathekkoot/.m2/repository/org/springframework/boot/spring-boot-starter-validation/3.2.2/spring-boot-starter-validation-3.2.2.jar:/Users/suvarnathekkoot/.m2/repository/org/apache/tomcat/embed/tomcat-embed-el/10.1.18/tomcat-embed-el-10.1.18.jar:/Users/suvarnathekkoot/.m2/repository/org/hibernate/validator/hibernate-validator/8.0.1.Final/hibernate-validator-8.0.1.Final.jar:/Users/suvarnathekkoot/.m2/repository/org/jboss/logging/jboss-logging/3.5.3.Final/jboss-logging-3.5.3.Final.jar:/Users/suvarnathekkoot/.m2/repository/com/fasterxml/classmate/1.6.0/classmate-1.6.0.jar:/Users/suvarnathekkoot/.m2/repository/uk/gov/companieshouse/structured-logging/3.0.1/structured-logging-3.0.1.jar:/Users/suvarnathekkoot/.m2/repository/com/fasterxml/jackson/datatype/jackson-datatype-jsr310/2.15.3/jackson-datatype-jsr310-2.15.3.jar:/Users/suvarnathekkoot/.m2/repository/com/fasterxml/jackson/core/jackson-annotations/2.15.3/jackson-annotations-2.15.3.jar:/Users/suvarnathekkoot/.m2/repository/com/fasterxml/jackson/core/jackson-core/2.15.3/jackson-core-2.15.3.jar:/Users/suvarnathekkoot/.m2/repository/commons-lang/commons-lang/2.6/commons-lang-2.6.jar:/Users/suvarnathekkoot/.m2/repository/uk/gov/companieshouse/rest-service-common-library/2.0.2/rest-service-common-library-2.0.2.jar:/Users/suvarnathekkoot/.m2/repository/com/fasterxml/jackson/core/jackson-databind/2.15.3/jackson-databind-2.15.3.jar:/Users/suvarnathekkoot/.m2/repository/org/apache/tomcat/embed/tomcat-embed-websocket/10.1.18/tomcat-embed-websocket-10.1.18.jar:/Users/suvarnathekkoot/.m2/repository/org/yaml/snakeyaml/2.2/snakeyaml-2.2.jar:/Users/suvarnathekkoot/.m2/repository/org/apache/tomcat/embed/tomcat-embed-core/10.1.18/tomcat-embed-core-10.1.18.jar:/Users/suvarnathekkoot/.m2/repository/org/apache/tomcat/tomcat-annotations-api/10.1.18/tomcat-annotations-api-10.1.18.jar:/Users/suvarnathekkoot/.m2/repository/org/springframework/spring-core/6.1.3/spring-core-6.1.3.jar:/Users/suvarnathekkoot/.m2/repository/org/springframework/spring-jcl/6.1.3/spring-jcl-6.1.3.jar:/Users/suvarnathekkoot/.m2/repository/org/springframework/boot/spring-boot-starter-data-mongodb/3.2.2/spring-boot-starter-data-mongodb-3.2.2.jar:/Users/suvarnathekkoot/.m2/repository/org/mongodb/mongodb-driver-sync/4.11.1/mongodb-driver-sync-4.11.1.jar:/Users/suvarnathekkoot/.m2/repository/org/mongodb/bson/4.11.1/bson-4.11.1.jar:/Users/suvarnathekkoot/.m2/repository/org/mongodb/mongodb-driver-core/4.11.1/mongodb-driver-core-4.11.1.jar:/Users/suvarnathekkoot/.m2/repository/org/mongodb/bson-record-codec/4.11.1/bson-record-codec-4.11.1.jar:/Users/suvarnathekkoot/.m2/repository/org/springframework/data/spring-data-mongodb/4.2.2/spring-data-mongodb-4.2.2.jar:/Users/suvarnathekkoot/.m2/repository/org/springframework/spring-tx/6.1.3/spring-tx-6.1.3.jar:/Users/suvarnathekkoot/.m2/repository/org/springframework/data/spring-data-commons/3.2.2/spring-data-commons-3.2.2.jar:/Users/suvarnathekkoot/.m2/repository/org/slf4j/slf4j-api/2.0.11/slf4j-api-2.0.11.jar:/Users/suvarnathekkoot/.m2/repository/org/springframework/boot/spring-boot-starter-test/3.2.2/spring-boot-starter-test-3.2.2.jar:/Users/suvarnathekkoot/.m2/repository/org/springframework/boot/spring-boot-test/3.2.2/spring-boot-test-3.2.2.jar:/Users/suvarnathekkoot/.m2/repository/org/springframework/boot/spring-boot-test-autoconfigure/3.2.2/spring-boot-test-autoconfigure-3.2.2.jar:/Users/suvarnathekkoot/.m2/repository/com/jayway/jsonpath/json-path/2.8.0/json-path-2.8.0.jar:/Users/suvarnathekkoot/.m2/repository/jakarta/xml/bind/jakarta.xml.bind-api/4.0.1/jakarta.xml.bind-api-4.0.1.jar:/Users/suvarnathekkoot/.m2/repository/jakarta/activation/jakarta.activation-api/2.1.2/jakarta.activation-api-2.1.2.jar:/Users/suvarnathekkoot/.m2/repository/net/minidev/json-smart/2.5.0/json-smart-2.5.0.jar:/Users/suvarnathekkoot/.m2/repository/net/minidev/accessors-smart/2.5.0/accessors-smart-2.5.0.jar:/Users/suvarnathekkoot/.m2/repository/org/ow2/asm/asm/9.3/asm-9.3.jar:/Users/suvarnathekkoot/.m2/repository/org/assertj/assertj-core/3.24.2/assertj-core-3.24.2.jar:/Users/suvarnathekkoot/.m2/repository/net/bytebuddy/byte-buddy/1.14.11/byte-buddy-1.14.11.jar:/Users/suvarnathekkoot/.m2/repository/org/awaitility/awaitility/4.2.0/awaitility-4.2.0.jar:/Users/suvarnathekkoot/.m2/repository/org/hamcrest/hamcrest/2.2/hamcrest-2.2.jar:/Users/suvarnathekkoot/.m2/repository/org/junit/jupiter/junit-jupiter/5.10.1/junit-jupiter-5.10.1.jar:/Users/suvarnathekkoot/.m2/repository/org/junit/jupiter/junit-jupiter-api/5.10.1/junit-jupiter-api-5.10.1.jar:/Users/suvarnathekkoot/.m2/repository/org/opentest4j/opentest4j/1.3.0/opentest4j-1.3.0.jar:/Users/suvarnathekkoot/.m2/repository/org/junit/platform/junit-platform-commons/1.10.1/junit-platform-commons-1.10.1.jar:/Users/suvarnathekkoot/.m2/repository/org/apiguardian/apiguardian-api/1.1.2/apiguardian-api-1.1.2.jar:/Users/suvarnathekkoot/.m2/repository/org/junit/jupiter/junit-jupiter-params/5.10.1/junit-jupiter-params-5.10.1.jar:/Users/suvarnathekkoot/.m2/repository/org/junit/jupiter/junit-jupiter-engine/5.10.1/junit-jupiter-engine-5.10.1.jar:/Users/suvarnathekkoot/.m2/repository/org/junit/platform/junit-platform-engine/1.10.1/junit-platform-engine-1.10.1.jar:/Users/suvarnathekkoot/.m2/repository/org/mockito/mockito-core/5.7.0/mockito-core-5.7.0.jar:/Users/suvarnathekkoot/.m2/repository/net/bytebuddy/byte-buddy-agent/1.14.11/byte-buddy-agent-1.14.11.jar:/Users/suvarnathekkoot/.m2/repository/org/objenesis/objenesis/3.3/objenesis-3.3.jar:/Users/suvarnathekkoot/.m2/repository/org/mockito/mockito-junit-jupiter/5.7.0/mockito-junit-jupiter-5.7.0.jar:/Users/suvarnathekkoot/.m2/repository/org/skyscreamer/jsonassert/1.5.1/jsonassert-1.5.1.jar:/Users/suvarnathekkoot/.m2/repository/com/vaadin/external/google/android-json/0.0.20131108.vaadin1/android-json-0.0.20131108.vaadin1.jar:/Users/suvarnathekkoot/.m2/repository/org/springframework/spring-test/6.1.3/spring-test-6.1.3.jar:/Users/suvarnathekkoot/.m2/repository/org/xmlunit/xmlunit-core/2.9.1/xmlunit-core-2.9.1.jar:/Users/suvarnathekkoot/.m2/repository/org/sonarsource/scanner/maven/sonar-maven-plugin/3.10.0.2594/sonar-maven-plugin-3.10.0.2594.jar:/Users/suvarnathekkoot/.m2/repository/org/codehaus/plexus/plexus-sec-dispatcher/2.0/plexus-sec-dispatcher-2.0.jar:/Users/suvarnathekkoot/.m2/repository/org/codehaus/plexus/plexus-utils/3.4.1/plexus-utils-3.4.1.jar:/Users/suvarnathekkoot/.m2/repository/org/codehaus/plexus/plexus-cipher/2.0/plexus-cipher-2.0.jar:/Users/suvarnathekkoot/.m2/repository/javax/inject/javax.inject/1/javax.inject-1.jar:/Users/suvarnathekkoot/.m2/repository/org/sonarsource/scanner/api/sonar-scanner-api/2.16.3.1081/sonar-scanner-api-2.16.3.1081.jar:/Users/suvarnathekkoot/.m2/repository/junit/junit/4.13.2/junit-4.13.2.jar:/Users/suvarnathekkoot/.m2/repository/org/hamcrest/hamcrest-core/2.2/hamcrest-core-2.2.jar:/Users/suvarnathekkoot/.m2/repository/org/springframework/boot/spring-boot-testcontainers/3.2.2/spring-boot-testcontainers-3.2.2.jar:/Users/suvarnathekkoot/.m2/repository/org/springframework/boot/spring-boot-autoconfigure/3.2.2/spring-boot-autoconfigure-3.2.2.jar:/Users/suvarnathekkoot/.m2/repository/org/testcontainers/testcontainers/1.19.3/testcontainers-1.19.3.jar:/Users/suvarnathekkoot/.m2/repository/org/apache/commons/commons-compress/1.24.0/commons-compress-1.24.0.jar:/Users/suvarnathekkoot/.m2/repository/org/rnorth/duct-tape/duct-tape/1.0.8/duct-tape-1.0.8.jar:/Users/suvarnathekkoot/.m2/repository/org/jetbrains/annotations/17.0.0/annotations-17.0.0.jar:/Users/suvarnathekkoot/.m2/repository/com/github/docker-java/docker-java-api/3.3.4/docker-java-api-3.3.4.jar:/Users/suvarnathekkoot/.m2/repository/com/github/docker-java/docker-java-transport-zerodep/3.3.4/docker-java-transport-zerodep-3.3.4.jar:/Users/suvarnathekkoot/.m2/repository/com/github/docker-java/docker-java-transport/3.3.4/docker-java-transport-3.3.4.jar:/Users/suvarnathekkoot/.m2/repository/net/java/dev/jna/jna/5.13.0/jna-5.13.0.jar:/Users/suvarnathekkoot/.m2/repository/org/testcontainers/mongodb/1.19.3/mongodb-1.19.3.jar:/Users/suvarnathekkoot/.m2/repository/org/testcontainers/junit-jupiter/1.19.3/junit-jupiter-1.19.3.jar:/Users/suvarnathekkoot/.m2/repository/uk/gov/companieshouse/private-api-sdk-java/4.0.42/private-api-sdk-java-4.0.42.jar:/Users/suvarnathekkoot/.m2/repository/uk/gov/companieshouse/api-sdk-java/6.0.7/api-sdk-java-6.0.7.jar:/Users/suvarnathekkoot/.m2/repository/javax/validation/validation-api/2.0.1.Final/validation-api-2.0.1.Final.jar:/Users/suvarnathekkoot/.m2/repository/uk/gov/companieshouse/private.api.ch.gov.uk-specifications/0.1.179/private.api.ch.gov.uk-specifications-0.1.179.jar:/Users/suvarnathekkoot/.m2/repository/org/openapitools/jackson-databind-nullable/0.2.6/jackson-databind-nullable-0.2.6.jar:/Users/suvarnathekkoot/.m2/repository/jakarta/validation/jakarta.validation-api/3.0.2/jakarta.validation-api-3.0.2.jar:/Users/suvarnathekkoot/.m2/repository/jakarta/annotation/jakarta.annotation-api/2.1.1/jakarta.annotation-api-2.1.1.jar:/Users/suvarnathekkoot/.m2/repository/io/swagger/core/v3/swagger-core/2.2.18/swagger-core-2.2.18.jar:/Users/suvarnathekkoot/.m2/repository/com/fasterxml/jackson/dataformat/jackson-dataformat-yaml/2.15.3/jackson-dataformat-yaml-2.15.3.jar:/Users/suvarnathekkoot/.m2/repository/io/swagger/core/v3/swagger-annotations/2.2.18/swagger-annotations-2.2.18.jar:/Users/suvarnathekkoot/.m2/repository/io/swagger/core/v3/swagger-models/2.2.18/swagger-models-2.2.18.jar:/Users/suvarnathekkoot/.m2/repository/javax/annotation/javax.annotation-api/1.3.2/javax.annotation-api-1.3.2.jar:/Users/suvarnathekkoot/.m2/repository/org/apache/commons/commons-lang3/3.13.0/commons-lang3-3.13.0.jar:/Users/suvarnathekkoot/.m2/repository/uk/gov/companieshouse/api-sdk-manager-java-library/3.0.5/api-sdk-manager-java-library-3.0.5.jar:/Users/suvarnathekkoot/.m2/repository/com/google/http-client/google-http-client-jackson2/1.43.3/google-http-client-jackson2-1.43.3.jar:/Users/suvarnathekkoot/.m2/repository/com/google/http-client/google-http-client/1.43.3/google-http-client-1.43.3.jar:/Users/suvarnathekkoot/.m2/repository/org/apache/httpcomponents/httpclient/4.5.14/httpclient-4.5.14.jar:/Users/suvarnathekkoot/.m2/repository/commons-codec/commons-codec/1.16.0/commons-codec-1.16.0.jar:/Users/suvarnathekkoot/.m2/repository/org/apache/httpcomponents/httpcore/4.4.16/httpcore-4.4.16.jar:/Users/suvarnathekkoot/.m2/repository/io/opencensus/opencensus-api/0.31.1/opencensus-api-0.31.1.jar:/Users/suvarnathekkoot/.m2/repository/io/opencensus/opencensus-contrib-http-util/0.31.1/opencensus-contrib-http-util-0.31.1.jar:/Users/suvarnathekkoot/.m2/repository/io/grpc/grpc-context/1.60.1/grpc-context-1.60.1.jar:/Users/suvarnathekkoot/.m2/repository/io/grpc/grpc-api/1.60.1/grpc-api-1.60.1.jar:/Users/suvarnathekkoot/.m2/repository/com/google/code/gson/gson/2.10.1/gson-2.10.1.jar:/Users/suvarnathekkoot/.m2/repository/com/google/oauth-client/google-oauth-client/1.34.1/google-oauth-client-1.34.1.jar:/Users/suvarnathekkoot/.m2/repository/com/google/http-client/google-http-client-gson/1.42.0/google-http-client-gson-1.42.0.jar:/Users/suvarnathekkoot/.m2/repository/com/google/guava/guava/32.1.1-android/guava-32.1.1-android.jar:/Users/suvarnathekkoot/.m2/repository/com/google/guava/failureaccess/1.0.1/failureaccess-1.0.1.jar:/Users/suvarnathekkoot/.m2/repository/com/google/guava/listenablefuture/9999.0-empty-to-avoid-conflict-with-guava/listenablefuture-9999.0-empty-to-avoid-conflict-with-guava.jar:/Users/suvarnathekkoot/.m2/repository/com/google/code/findbugs/jsr305/3.0.2/jsr305-3.0.2.jar:/Users/suvarnathekkoot/.m2/repository/org/checkerframework/checker-qual/3.33.0/checker-qual-3.33.0.jar:/Users/suvarnathekkoot/.m2/repository/com/google/errorprone/error_prone_annotations/2.18.0/error_prone_annotations-2.18.0.jar:/Users/suvarnathekkoot/.m2/repository/com/google/j2objc/j2objc-annotations/2.8/j2objc-annotations-2.8.jar:/Users/suvarnathekkoot/.m2/repository/uk/gov/companieshouse/environment-reader-library/3.0.0/environment-reader-library-3.0.0.jar:/Users/suvarnathekkoot/.m2/repository/commons-validator/commons-validator/1.7/commons-validator-1.7.jar:/Users/suvarnathekkoot/.m2/repository/commons-beanutils/commons-beanutils/1.9.4/commons-beanutils-1.9.4.jar:/Users/suvarnathekkoot/.m2/repository/commons-digester/commons-digester/2.1/commons-digester-2.1.jar:/Users/suvarnathekkoot/.m2/repository/commons-logging/commons-logging/1.2/commons-logging-1.2.jar:/Users/suvarnathekkoot/.m2/repository/commons-collections/commons-collections/3.2.2/commons-collections-3.2.2.jar:/Users/suvarnathekkoot/.m2/repository/javax/servlet/servlet-api/2.5/servlet-api-2.5.jar:/Users/suvarnathekkoot/.m2/repository/uk/gov/companieshouse/api-security-java/2.0.3/api-security-java-2.0.3.jar:/Users/suvarnathekkoot/.m2/repository/org/apache/commons/commons-collections4/4.4/commons-collections4-4.4.jar:/Users/suvarnathekkoot/.m2/repository/org/mapstruct/mapstruct/1.5.5.Final/mapstruct-1.5.5.Final.jar:"/>
    <property name="java.vm.vendor" value="Eclipse Adoptium"/>
    <property name="sun.arch.data.model" value="64"/>
    <property name="java.vendor.url" value="https://adoptium.net/"/>
    <property name="user.timezone" value="Europe/London"/>
    <property name="org.jboss.logging.provider" value="slf4j"/>
    <property name="os.name" value="Mac OS X"/>
    <property name="java.vm.specification.version" value="21"/>
    <property name="sun.java.launcher" value="SUN_STANDARD"/>
    <property name="user.country" value="GB"/>
    <property name="sun.boot.library.path" value="/Users/suvarnathekkoot/.sdkman/candidates/java/21.0.1-tem/lib"/>
    <property name="sun.java.command" value="/Users/suvarnathekkoot/Repo/accounts-user-api/target/surefire/surefirebooter-20240207121101067_3.jar /Users/suvarnathekkoot/Repo/accounts-user-api/target/surefire 2024-02-07T12-11-00_965-jvmRun1 surefire-20240207121101067_1tmp surefire_0-20240207121101067_2tmp"/>
    <property name="jdk.debug" value="release"/>
    <property name="surefire.test.class.path" value="/Users/suvarnathekkoot/Repo/accounts-user-api/target/test-classes:/Users/suvarnathekkoot/Repo/accounts-user-api/target/classes:/Users/suvarnathekkoot/.m2/repository/org/springframework/boot/spring-boot-starter-web/3.2.2/spring-boot-starter-web-3.2.2.jar:/Users/suvarnathekkoot/.m2/repository/org/springframework/boot/spring-boot-starter/3.2.2/spring-boot-starter-3.2.2.jar:/Users/suvarnathekkoot/.m2/repository/org/springframework/boot/spring-boot/3.2.2/spring-boot-3.2.2.jar:/Users/suvarnathekkoot/.m2/repository/org/springframework/boot/spring-boot-starter-logging/3.2.2/spring-boot-starter-logging-3.2.2.jar:/Users/suvarnathekkoot/.m2/repository/ch/qos/logback/logback-classic/1.4.14/logback-classic-1.4.14.jar:/Users/suvarnathekkoot/.m2/repository/ch/qos/logback/logback-core/1.4.14/logback-core-1.4.14.jar:/Users/suvarnathekkoot/.m2/repository/org/apache/logging/log4j/log4j-to-slf4j/2.21.1/log4j-to-slf4j-2.21.1.jar:/Users/suvarnathekkoot/.m2/repository/org/apache/logging/log4j/log4j-api/2.21.1/log4j-api-2.21.1.jar:/Users/suvarnathekkoot/.m2/repository/org/slf4j/jul-to-slf4j/2.0.11/jul-to-slf4j-2.0.11.jar:/Users/suvarnathekkoot/.m2/repository/org/springframework/boot/spring-boot-starter-json/3.2.2/spring-boot-starter-json-3.2.2.jar:/Users/suvarnathekkoot/.m2/repository/com/fasterxml/jackson/datatype/jackson-datatype-jdk8/2.15.3/jackson-datatype-jdk8-2.15.3.jar:/Users/suvarnathekkoot/.m2/repository/com/fasterxml/jackson/module/jackson-module-parameter-names/2.15.3/jackson-module-parameter-names-2.15.3.jar:/Users/suvarnathekkoot/.m2/repository/org/springframework/boot/spring-boot-starter-tomcat/3.2.2/spring-boot-starter-tomcat-3.2.2.jar:/Users/suvarnathekkoot/.m2/repository/org/springframework/spring-web/6.1.3/spring-web-6.1.3.jar:/Users/suvarnathekkoot/.m2/repository/org/springframework/spring-beans/6.1.3/spring-beans-6.1.3.jar:/Users/suvarnathekkoot/.m2/repository/org/springframework/spring-webmvc/6.1.3/spring-webmvc-6.1.3.jar:/Users/suvarnathekkoot/.m2/repository/org/springframework/spring-aop/6.1.3/spring-aop-6.1.3.jar:/Users/suvarnathekkoot/.m2/repository/org/springframework/spring-context/6.1.3/spring-context-6.1.3.jar:/Users/suvarnathekkoot/.m2/repository/org/springframework/spring-expression/6.1.3/spring-expression-6.1.3.jar:/Users/suvarnathekkoot/.m2/repository/org/springframework/boot/spring-boot-starter-actuator/3.2.2/spring-boot-starter-actuator-3.2.2.jar:/Users/suvarnathekkoot/.m2/repository/org/springframework/boot/spring-boot-actuator-autoconfigure/3.2.2/spring-boot-actuator-autoconfigure-3.2.2.jar:/Users/suvarnathekkoot/.m2/repository/org/springframework/boot/spring-boot-actuator/3.2.2/spring-boot-actuator-3.2.2.jar:/Users/suvarnathekkoot/.m2/repository/io/micrometer/micrometer-observation/1.12.2/micrometer-observation-1.12.2.jar:/Users/suvarnathekkoot/.m2/repository/io/micrometer/micrometer-commons/1.12.2/micrometer-commons-1.12.2.jar:/Users/suvarnathekkoot/.m2/repository/io/micrometer/micrometer-jakarta9/1.12.2/micrometer-jakarta9-1.12.2.jar:/Users/suvarnathekkoot/.m2/repository/io/micrometer/micrometer-core/1.12.2/micrometer-core-1.12.2.jar:/Users/suvarnathekkoot/.m2/repository/org/hdrhistogram/HdrHistogram/2.1.12/HdrHistogram-2.1.12.jar:/Users/suvarnathekkoot/.m2/repository/org/latencyutils/LatencyUtils/2.0.3/LatencyUtils-2.0.3.jar:/Users/suvarnathekkoot/.m2/repository/org/springframework/boot/spring-boot-starter-validation/3.2.2/spring-boot-starter-validation-3.2.2.jar:/Users/suvarnathekkoot/.m2/repository/org/apache/tomcat/embed/tomcat-embed-el/10.1.18/tomcat-embed-el-10.1.18.jar:/Users/suvarnathekkoot/.m2/repository/org/hibernate/validator/hibernate-validator/8.0.1.Final/hibernate-validator-8.0.1.Final.jar:/Users/suvarnathekkoot/.m2/repository/org/jboss/logging/jboss-logging/3.5.3.Final/jboss-logging-3.5.3.Final.jar:/Users/suvarnathekkoot/.m2/repository/com/fasterxml/classmate/1.6.0/classmate-1.6.0.jar:/Users/suvarnathekkoot/.m2/repository/uk/gov/companieshouse/structured-logging/3.0.1/structured-logging-3.0.1.jar:/Users/suvarnathekkoot/.m2/repository/com/fasterxml/jackson/datatype/jackson-datatype-jsr310/2.15.3/jackson-datatype-jsr310-2.15.3.jar:/Users/suvarnathekkoot/.m2/repository/com/fasterxml/jackson/core/jackson-annotations/2.15.3/jackson-annotations-2.15.3.jar:/Users/suvarnathekkoot/.m2/repository/com/fasterxml/jackson/core/jackson-core/2.15.3/jackson-core-2.15.3.jar:/Users/suvarnathekkoot/.m2/repository/commons-lang/commons-lang/2.6/commons-lang-2.6.jar:/Users/suvarnathekkoot/.m2/repository/uk/gov/companieshouse/rest-service-common-library/2.0.2/rest-service-common-library-2.0.2.jar:/Users/suvarnathekkoot/.m2/repository/com/fasterxml/jackson/core/jackson-databind/2.15.3/jackson-databind-2.15.3.jar:/Users/suvarnathekkoot/.m2/repository/org/apache/tomcat/embed/tomcat-embed-websocket/10.1.18/tomcat-embed-websocket-10.1.18.jar:/Users/suvarnathekkoot/.m2/repository/org/yaml/snakeyaml/2.2/snakeyaml-2.2.jar:/Users/suvarnathekkoot/.m2/repository/org/apache/tomcat/embed/tomcat-embed-core/10.1.18/tomcat-embed-core-10.1.18.jar:/Users/suvarnathekkoot/.m2/repository/org/apache/tomcat/tomcat-annotations-api/10.1.18/tomcat-annotations-api-10.1.18.jar:/Users/suvarnathekkoot/.m2/repository/org/springframework/spring-core/6.1.3/spring-core-6.1.3.jar:/Users/suvarnathekkoot/.m2/repository/org/springframework/spring-jcl/6.1.3/spring-jcl-6.1.3.jar:/Users/suvarnathekkoot/.m2/repository/org/springframework/boot/spring-boot-starter-data-mongodb/3.2.2/spring-boot-starter-data-mongodb-3.2.2.jar:/Users/suvarnathekkoot/.m2/repository/org/mongodb/mongodb-driver-sync/4.11.1/mongodb-driver-sync-4.11.1.jar:/Users/suvarnathekkoot/.m2/repository/org/mongodb/bson/4.11.1/bson-4.11.1.jar:/Users/suvarnathekkoot/.m2/repository/org/mongodb/mongodb-driver-core/4.11.1/mongodb-driver-core-4.11.1.jar:/Users/suvarnathekkoot/.m2/repository/org/mongodb/bson-record-codec/4.11.1/bson-record-codec-4.11.1.jar:/Users/suvarnathekkoot/.m2/repository/org/springframework/data/spring-data-mongodb/4.2.2/spring-data-mongodb-4.2.2.jar:/Users/suvarnathekkoot/.m2/repository/org/springframework/spring-tx/6.1.3/spring-tx-6.1.3.jar:/Users/suvarnathekkoot/.m2/repository/org/springframework/data/spring-data-commons/3.2.2/spring-data-commons-3.2.2.jar:/Users/suvarnathekkoot/.m2/repository/org/slf4j/slf4j-api/2.0.11/slf4j-api-2.0.11.jar:/Users/suvarnathekkoot/.m2/repository/org/springframework/boot/spring-boot-starter-test/3.2.2/spring-boot-starter-test-3.2.2.jar:/Users/suvarnathekkoot/.m2/repository/org/springframework/boot/spring-boot-test/3.2.2/spring-boot-test-3.2.2.jar:/Users/suvarnathekkoot/.m2/repository/org/springframework/boot/spring-boot-test-autoconfigure/3.2.2/spring-boot-test-autoconfigure-3.2.2.jar:/Users/suvarnathekkoot/.m2/repository/com/jayway/jsonpath/json-path/2.8.0/json-path-2.8.0.jar:/Users/suvarnathekkoot/.m2/repository/jakarta/xml/bind/jakarta.xml.bind-api/4.0.1/jakarta.xml.bind-api-4.0.1.jar:/Users/suvarnathekkoot/.m2/repository/jakarta/activation/jakarta.activation-api/2.1.2/jakarta.activation-api-2.1.2.jar:/Users/suvarnathekkoot/.m2/repository/net/minidev/json-smart/2.5.0/json-smart-2.5.0.jar:/Users/suvarnathekkoot/.m2/repository/net/minidev/accessors-smart/2.5.0/accessors-smart-2.5.0.jar:/Users/suvarnathekkoot/.m2/repository/org/ow2/asm/asm/9.3/asm-9.3.jar:/Users/suvarnathekkoot/.m2/repository/org/assertj/assertj-core/3.24.2/assertj-core-3.24.2.jar:/Users/suvarnathekkoot/.m2/repository/net/bytebuddy/byte-buddy/1.14.11/byte-buddy-1.14.11.jar:/Users/suvarnathekkoot/.m2/repository/org/awaitility/awaitility/4.2.0/awaitility-4.2.0.jar:/Users/suvarnathekkoot/.m2/repository/org/hamcrest/hamcrest/2.2/hamcrest-2.2.jar:/Users/suvarnathekkoot/.m2/repository/org/junit/jupiter/junit-jupiter/5.10.1/junit-jupiter-5.10.1.jar:/Users/suvarnathekkoot/.m2/repository/org/junit/jupiter/junit-jupiter-api/5.10.1/junit-jupiter-api-5.10.1.jar:/Users/suvarnathekkoot/.m2/repository/org/opentest4j/opentest4j/1.3.0/opentest4j-1.3.0.jar:/Users/suvarnathekkoot/.m2/repository/org/junit/platform/junit-platform-commons/1.10.1/junit-platform-commons-1.10.1.jar:/Users/suvarnathekkoot/.m2/repository/org/apiguardian/apiguardian-api/1.1.2/apiguardian-api-1.1.2.jar:/Users/suvarnathekkoot/.m2/repository/org/junit/jupiter/junit-jupiter-params/5.10.1/junit-jupiter-params-5.10.1.jar:/Users/suvarnathekkoot/.m2/repository/org/junit/jupiter/junit-jupiter-engine/5.10.1/junit-jupiter-engine-5.10.1.jar:/Users/suvarnathekkoot/.m2/repository/org/junit/platform/junit-platform-engine/1.10.1/junit-platform-engine-1.10.1.jar:/Users/suvarnathekkoot/.m2/repository/org/mockito/mockito-core/5.7.0/mockito-core-5.7.0.jar:/Users/suvarnathekkoot/.m2/repository/net/bytebuddy/byte-buddy-agent/1.14.11/byte-buddy-agent-1.14.11.jar:/Users/suvarnathekkoot/.m2/repository/org/objenesis/objenesis/3.3/objenesis-3.3.jar:/Users/suvarnathekkoot/.m2/repository/org/mockito/mockito-junit-jupiter/5.7.0/mockito-junit-jupiter-5.7.0.jar:/Users/suvarnathekkoot/.m2/repository/org/skyscreamer/jsonassert/1.5.1/jsonassert-1.5.1.jar:/Users/suvarnathekkoot/.m2/repository/com/vaadin/external/google/android-json/0.0.20131108.vaadin1/android-json-0.0.20131108.vaadin1.jar:/Users/suvarnathekkoot/.m2/repository/org/springframework/spring-test/6.1.3/spring-test-6.1.3.jar:/Users/suvarnathekkoot/.m2/repository/org/xmlunit/xmlunit-core/2.9.1/xmlunit-core-2.9.1.jar:/Users/suvarnathekkoot/.m2/repository/org/sonarsource/scanner/maven/sonar-maven-plugin/3.10.0.2594/sonar-maven-plugin-3.10.0.2594.jar:/Users/suvarnathekkoot/.m2/repository/org/codehaus/plexus/plexus-sec-dispatcher/2.0/plexus-sec-dispatcher-2.0.jar:/Users/suvarnathekkoot/.m2/repository/org/codehaus/plexus/plexus-utils/3.4.1/plexus-utils-3.4.1.jar:/Users/suvarnathekkoot/.m2/repository/org/codehaus/plexus/plexus-cipher/2.0/plexus-cipher-2.0.jar:/Users/suvarnathekkoot/.m2/repository/javax/inject/javax.inject/1/javax.inject-1.jar:/Users/suvarnathekkoot/.m2/repository/org/sonarsource/scanner/api/sonar-scanner-api/2.16.3.1081/sonar-scanner-api-2.16.3.1081.jar:/Users/suvarnathekkoot/.m2/repository/junit/junit/4.13.2/junit-4.13.2.jar:/Users/suvarnathekkoot/.m2/repository/org/hamcrest/hamcrest-core/2.2/hamcrest-core-2.2.jar:/Users/suvarnathekkoot/.m2/repository/org/springframework/boot/spring-boot-testcontainers/3.2.2/spring-boot-testcontainers-3.2.2.jar:/Users/suvarnathekkoot/.m2/repository/org/springframework/boot/spring-boot-autoconfigure/3.2.2/spring-boot-autoconfigure-3.2.2.jar:/Users/suvarnathekkoot/.m2/repository/org/testcontainers/testcontainers/1.19.3/testcontainers-1.19.3.jar:/Users/suvarnathekkoot/.m2/repository/org/apache/commons/commons-compress/1.24.0/commons-compress-1.24.0.jar:/Users/suvarnathekkoot/.m2/repository/org/rnorth/duct-tape/duct-tape/1.0.8/duct-tape-1.0.8.jar:/Users/suvarnathekkoot/.m2/repository/org/jetbrains/annotations/17.0.0/annotations-17.0.0.jar:/Users/suvarnathekkoot/.m2/repository/com/github/docker-java/docker-java-api/3.3.4/docker-java-api-3.3.4.jar:/Users/suvarnathekkoot/.m2/repository/com/github/docker-java/docker-java-transport-zerodep/3.3.4/docker-java-transport-zerodep-3.3.4.jar:/Users/suvarnathekkoot/.m2/repository/com/github/docker-java/docker-java-transport/3.3.4/docker-java-transport-3.3.4.jar:/Users/suvarnathekkoot/.m2/repository/net/java/dev/jna/jna/5.13.0/jna-5.13.0.jar:/Users/suvarnathekkoot/.m2/repository/org/testcontainers/mongodb/1.19.3/mongodb-1.19.3.jar:/Users/suvarnathekkoot/.m2/repository/org/testcontainers/junit-jupiter/1.19.3/junit-jupiter-1.19.3.jar:/Users/suvarnathekkoot/.m2/repository/uk/gov/companieshouse/private-api-sdk-java/4.0.42/private-api-sdk-java-4.0.42.jar:/Users/suvarnathekkoot/.m2/repository/uk/gov/companieshouse/api-sdk-java/6.0.7/api-sdk-java-6.0.7.jar:/Users/suvarnathekkoot/.m2/repository/javax/validation/validation-api/2.0.1.Final/validation-api-2.0.1.Final.jar:/Users/suvarnathekkoot/.m2/repository/uk/gov/companieshouse/private.api.ch.gov.uk-specifications/0.1.179/private.api.ch.gov.uk-specifications-0.1.179.jar:/Users/suvarnathekkoot/.m2/repository/org/openapitools/jackson-databind-nullable/0.2.6/jackson-databind-nullable-0.2.6.jar:/Users/suvarnathekkoot/.m2/repository/jakarta/validation/jakarta.validation-api/3.0.2/jakarta.validation-api-3.0.2.jar:/Users/suvarnathekkoot/.m2/repository/jakarta/annotation/jakarta.annotation-api/2.1.1/jakarta.annotation-api-2.1.1.jar:/Users/suvarnathekkoot/.m2/repository/io/swagger/core/v3/swagger-core/2.2.18/swagger-core-2.2.18.jar:/Users/suvarnathekkoot/.m2/repository/com/fasterxml/jackson/dataformat/jackson-dataformat-yaml/2.15.3/jackson-dataformat-yaml-2.15.3.jar:/Users/suvarnathekkoot/.m2/repository/io/swagger/core/v3/swagger-annotations/2.2.18/swagger-annotations-2.2.18.jar:/Users/suvarnathekkoot/.m2/repository/io/swagger/core/v3/swagger-models/2.2.18/swagger-models-2.2.18.jar:/Users/suvarnathekkoot/.m2/repository/javax/annotation/javax.annotation-api/1.3.2/javax.annotation-api-1.3.2.jar:/Users/suvarnathekkoot/.m2/repository/org/apache/commons/commons-lang3/3.13.0/commons-lang3-3.13.0.jar:/Users/suvarnathekkoot/.m2/repository/uk/gov/companieshouse/api-sdk-manager-java-library/3.0.5/api-sdk-manager-java-library-3.0.5.jar:/Users/suvarnathekkoot/.m2/repository/com/google/http-client/google-http-client-jackson2/1.43.3/google-http-client-jackson2-1.43.3.jar:/Users/suvarnathekkoot/.m2/repository/com/google/http-client/google-http-client/1.43.3/google-http-client-1.43.3.jar:/Users/suvarnathekkoot/.m2/repository/org/apache/httpcomponents/httpclient/4.5.14/httpclient-4.5.14.jar:/Users/suvarnathekkoot/.m2/repository/commons-codec/commons-codec/1.16.0/commons-codec-1.16.0.jar:/Users/suvarnathekkoot/.m2/repository/org/apache/httpcomponents/httpcore/4.4.16/httpcore-4.4.16.jar:/Users/suvarnathekkoot/.m2/repository/io/opencensus/opencensus-api/0.31.1/opencensus-api-0.31.1.jar:/Users/suvarnathekkoot/.m2/repository/io/opencensus/opencensus-contrib-http-util/0.31.1/opencensus-contrib-http-util-0.31.1.jar:/Users/suvarnathekkoot/.m2/repository/io/grpc/grpc-context/1.60.1/grpc-context-1.60.1.jar:/Users/suvarnathekkoot/.m2/repository/io/grpc/grpc-api/1.60.1/grpc-api-1.60.1.jar:/Users/suvarnathekkoot/.m2/repository/com/google/code/gson/gson/2.10.1/gson-2.10.1.jar:/Users/suvarnathekkoot/.m2/repository/com/google/oauth-client/google-oauth-client/1.34.1/google-oauth-client-1.34.1.jar:/Users/suvarnathekkoot/.m2/repository/com/google/http-client/google-http-client-gson/1.42.0/google-http-client-gson-1.42.0.jar:/Users/suvarnathekkoot/.m2/repository/com/google/guava/guava/32.1.1-android/guava-32.1.1-android.jar:/Users/suvarnathekkoot/.m2/repository/com/google/guava/failureaccess/1.0.1/failureaccess-1.0.1.jar:/Users/suvarnathekkoot/.m2/repository/com/google/guava/listenablefuture/9999.0-empty-to-avoid-conflict-with-guava/listenablefuture-9999.0-empty-to-avoid-conflict-with-guava.jar:/Users/suvarnathekkoot/.m2/repository/com/google/code/findbugs/jsr305/3.0.2/jsr305-3.0.2.jar:/Users/suvarnathekkoot/.m2/repository/org/checkerframework/checker-qual/3.33.0/checker-qual-3.33.0.jar:/Users/suvarnathekkoot/.m2/repository/com/google/errorprone/error_prone_annotations/2.18.0/error_prone_annotations-2.18.0.jar:/Users/suvarnathekkoot/.m2/repository/com/google/j2objc/j2objc-annotations/2.8/j2objc-annotations-2.8.jar:/Users/suvarnathekkoot/.m2/repository/uk/gov/companieshouse/environment-reader-library/3.0.0/environment-reader-library-3.0.0.jar:/Users/suvarnathekkoot/.m2/repository/commons-validator/commons-validator/1.7/commons-validator-1.7.jar:/Users/suvarnathekkoot/.m2/repository/commons-beanutils/commons-beanutils/1.9.4/commons-beanutils-1.9.4.jar:/Users/suvarnathekkoot/.m2/repository/commons-digester/commons-digester/2.1/commons-digester-2.1.jar:/Users/suvarnathekkoot/.m2/repository/commons-logging/commons-logging/1.2/commons-logging-1.2.jar:/Users/suvarnathekkoot/.m2/repository/commons-collections/commons-collections/3.2.2/commons-collections-3.2.2.jar:/Users/suvarnathekkoot/.m2/repository/javax/servlet/servlet-api/2.5/servlet-api-2.5.jar:/Users/suvarnathekkoot/.m2/repository/uk/gov/companieshouse/api-security-java/2.0.3/api-security-java-2.0.3.jar:/Users/suvarnathekkoot/.m2/repository/org/apache/commons/commons-collections4/4.4/commons-collections4-4.4.jar:/Users/suvarnathekkoot/.m2/repository/org/mapstruct/mapstruct/1.5.5.Final/mapstruct-1.5.5.Final.jar:"/>
    <property name="sun.cpu.endian" value="little"/>
    <property name="user.home" value="/Users/suvarnathekkoot"/>
    <property name="user.language" value="en"/>
    <property name="java.specification.vendor" value="Oracle Corporation"/>
    <property name="java.version.date" value="2023-10-17"/>
    <property name="java.home" value="/Users/suvarnathekkoot/.sdkman/candidates/java/21.0.1-tem"/>
    <property name="file.separator" value="/"/>
    <property name="basedir" value="/Users/suvarnathekkoot/Repo/accounts-user-api"/>
    <property name="java.vm.compressedOopsMode" value="Zero based"/>
    <property name="line.separator" value="&#10;"/>
    <property name="java.vm.specification.vendor" value="Oracle Corporation"/>
    <property name="java.specification.name" value="Java Platform API Specification"/>
    <property name="FILE_LOG_CHARSET" value="UTF-8"/>
    <property name="java.awt.headless" value="true"/>
    <property name="apple.awt.application.name" value="ForkedBooter"/>
    <property name="surefire.real.class.path" value="/Users/suvarnathekkoot/Repo/accounts-user-api/target/surefire/surefirebooter-20240207121101067_3.jar"/>
    <property name="sun.management.compiler" value="HotSpot 64-Bit Tiered Compilers"/>
    <property name="java.runtime.version" value="21.0.1+12-LTS"/>
    <property name="user.name" value="suvarnathekkoot"/>
    <property name="stdout.encoding" value="UTF-8"/>
    <property name="path.separator" value=":"/>
    <property name="os.version" value="13.6"/>
    <property name="java.runtime.name" value="OpenJDK Runtime Environment"/>
    <property name="file.encoding" value="UTF-8"/>
    <property name="java.vm.name" value="OpenJDK 64-Bit Server VM"/>
    <property name="java.vendor.version" value="Temurin-21.0.1+12"/>
    <property name="localRepository" value="/Users/suvarnathekkoot/.m2/repository"/>
    <property name="java.vendor.url.bug" value="https://github.com/adoptium/adoptium-support/issues"/>
    <property name="java.io.tmpdir" value="/var/folders/jv/dyzzfvc16hdbgl9yvqgnwyn40000gn/T/"/>
    <property name="idea.version" value="2023.2.5"/>
    <property name="java.version" value="21.0.1"/>
    <property name="user.dir" value="/Users/suvarnathekkoot/Repo/accounts-user-api"/>
    <property name="os.arch" value="aarch64"/>
    <property name="java.vm.specification.name" value="Java Virtual Machine Specification"/>
    <property name="PID" value="8452"/>
    <property name="CONSOLE_LOG_CHARSET" value="UTF-8"/>
    <property name="native.encoding" value="UTF-8"/>
    <property name="java.library.path" value="/Users/suvarnathekkoot/Library/Java/Extensions:/Library/Java/Extensions:/Network/Library/Java/Extensions:/System/Library/Java/Extensions:/usr/lib/java:."/>
    <property name="java.vm.info" value="mixed mode"/>
    <property name="stderr.encoding" value="UTF-8"/>
    <property name="java.vendor" value="Eclipse Adoptium"/>
    <property name="java.vm.version" value="21.0.1+12-LTS"/>
    <property name="sun.io.unicode.encoding" value="UnicodeBig"/>
    <property name="java.class.version" value="65.0"/>
  </properties>
  <testcase name="testOnInternalServerError" classname="uk.gov.companieshouse.accounts.user.controller.ControllerAdviceTest" time="0.159">
    <system-out><![CDATA[
{"data":{"message":"Could not detect default configuration classes for test class [uk.gov.companieshouse.accounts.user.controller.ControllerAdviceTest]: ControllerAdviceTest does not declare any static, non-private, non-final, nested classes annotated with @Configuration."},"created":"2024-02-07T12:11:15.539Z","event":"info"}
{"data":{"message":"Found @SpringBootConfiguration uk.gov.companieshouse.accounts.user.AccountsUserServiceApplication for test class uk.gov.companieshouse.accounts.user.controller.ControllerAdviceTest"},"created":"2024-02-07T12:11:15.554Z","event":"info"}
  .   ____          _            __ _ _
 /\\ / ___'_ __ _ _(_)_ __  __ _ \ \ \ \
( ( )\___ | '_ | '_| | '_ \/ _` | \ \ \ \
 \\/  ___)| |_)| | | | | || (_| |  ) ) ) )
  '  |____| .__|_| |_|_| |_\__, | / / / /
 =========|_|==============|___/=/_/_/_/
 :: Spring Boot ::                (v3.2.2)


{"data":{"message":"Starting ControllerAdviceTest using Java 21.0.1 with PID 8452 (started by suvarnathekkoot in /Users/suvarnathekkoot/Repo/accounts-user-api)"},"created":"2024-02-07T12:11:15.570Z","event":"info"}
{"data":{"message":"Running with Spring Boot v3.2.2, Spring v6.1.3"},"created":"2024-02-07T12:11:15.570Z","event":"debug"}
{"data":{"message":"No active profile set, falling back to 1 default profile: \"default\""},"created":"2024-02-07T12:11:15.570Z","event":"info"}
{"data":{"message":"Autowired annotation is not supported on static fields: public static java.lang.String uk.gov.companieshouse.accounts.user.AccountsUserServiceApplication.applicationNameSpace"},"created":"2024-02-07T12:11:15.654Z","event":"info"}
{"data":{"message":"Initializing Spring TestDispatcherServlet ''"},"created":"2024-02-07T12:11:16.021Z","event":"info"}
{"data":{"message":"Initializing Servlet ''"},"created":"2024-02-07T12:11:16.021Z","event":"info"}
{"data":{"message":"Completed initialization in 0 ms"},"created":"2024-02-07T12:11:16.022Z","event":"info"}
{"data":{"message":"Started ControllerAdviceTest in 0.474 seconds (process running for 14.905)"},"created":"2024-02-07T12:11:16.033Z","event":"info"}
{"created":"2024-02-07T12:11:16.178Z","event":"debug","data":{"message":"theId: Attempting to search for the details of these users: jessica.simpson@hollywood.com"}}
{"created":"2024-02-07T12:11:16.187Z","event":"error","context":"theId","data":{"message":"http://localhost/users/search?user_email=jessica.simpson@hollywood.com. 500 Internal Server Error","error":"org.springframework.web.client.HttpServerErrorException: 500 Internal Server Error","stack_trace":"org.springframework.web.client.HttpServerErrorException: 500 Internal Server Error\nuk.gov.companieshouse.accounts.user.service.UsersService.fetchUsers(UsersService.java:23)\nuk.gov.companieshouse.accounts.user.controller.FindUserBasedOnEmailController.searchUserDetails(FindUserBasedOnEmailController.java:39)\njava.base/jdk.internal.reflect.DirectMethodHandleAccessor.invoke(DirectMethodHandleAccessor.java:103)\njava.base/java.lang.reflect.Method.invoke(Method.java:580)\norg.springframework.aop.support.AopUtils.invokeJoinpointUsingReflection(AopUtils.java:351)\norg.springframework.aop.framework.ReflectiveMethodInvocation.invokeJoinpoint(ReflectiveMethodInvocation.java:196)\norg.springframework.aop.framework.ReflectiveMethodInvocation.proceed(ReflectiveMethodInvocation.java:163)\norg.springframework.aop.framework.CglibAopProxy$CglibMethodInvocation.proceed(CglibAopProxy.java:765)\norg.springframework.validation.beanvalidation.MethodValidationInterceptor.invoke(MethodValidationInterceptor.java:174)\norg.springframework.aop.framework.ReflectiveMethodInvocation.proceed(ReflectiveMethodInvocation.java:184)\norg.springframework.aop.framework.CglibAopProxy$CglibMethodInvocation.proceed(CglibAopProxy.java:765)\norg.springframework.aop.framework.CglibAopProxy$DynamicAdvisedInterceptor.intercept(CglibAopProxy.java:717)\nuk.gov.companieshouse.accounts.user.controller.FindUserBasedOnEmailController$$SpringCGLIB$$0.searchUserDetails(<generated>)\njava.base/jdk.internal.reflect.DirectMethodHandleAccessor.invoke(DirectMethodHandleAccessor.java:103)\njava.base/java.lang.reflect.Method.invoke(Method.java:580)\norg.springframework.web.method.support.InvocableHandlerMethod.doInvoke(InvocableHandlerMethod.java:261)\norg.springframework.web.method.support.InvocableHandlerMethod.invokeForRequest(InvocableHandlerMethod.java:189)\norg.springframework.web.servlet.mvc.method.annotation.ServletInvocableHandlerMethod.invokeAndHandle(ServletInvocableHandlerMethod.java:118)\norg.springframework.web.servlet.mvc.method.annotation.RequestMappingHandlerAdapter.invokeHandlerMethod(RequestMappingHandlerAdapter.java:917)\norg.springframework.web.servlet.mvc.method.annotation.RequestMappingHandlerAdapter.handleInternal(RequestMappingHandlerAdapter.java:829)\norg.springframework.web.servlet.mvc.method.AbstractHandlerMethodAdapter.handle(AbstractHandlerMethodAdapter.java:87)\norg.springframework.web.servlet.DispatcherServlet.doDispatch(DispatcherServlet.java:1089)\norg.springframework.web.servlet.DispatcherServlet.doService(DispatcherServlet.java:979)\norg.springframework.web.servlet.FrameworkServlet.processRequest(FrameworkServlet.java:1014)\norg.springframework.web.servlet.FrameworkServlet.doGet(FrameworkServlet.java:903)\njakarta.servlet.http.HttpServlet.service(HttpServlet.java:564)\norg.springframework.web.servlet.FrameworkServlet.service(FrameworkServlet.java:885)\norg.springframework.test.web.servlet.TestDispatcherServlet.service(TestDispatcherServlet.java:72)\njakarta.servlet.http.HttpServlet.service(HttpServlet.java:658)\norg.springframework.mock.web.MockFilterChain$ServletFilterProxy.doFilter(MockFilterChain.java:165)\norg.springframework.mock.web.MockFilterChain.doFilter(MockFilterChain.java:132)\norg.springframework.web.filter.RequestContextFilter.doFilterInternal(RequestContextFilter.java:100)\norg.springframework.web.filter.OncePerRequestFilter.doFilter(OncePerRequestFilter.java:116)\norg.springframework.test.web.servlet.setup.MockMvcFilterDecorator.doFilter(MockMvcFilterDecorator.java:151)\norg.springframework.mock.web.MockFilterChain.doFilter(MockFilterChain.java:132)\norg.springframework.web.filter.FormContentFilter.doFilterInternal(FormContentFilter.java:93)\norg.springframework.web.filter.OncePerRequestFilter.doFilter(OncePerRequestFilter.java:116)\norg.springframework.test.web.servlet.setup.MockMvcFilterDecorator.doFilter(MockMvcFilterDecorator.java:151)\norg.springframework.mock.web.MockFilterChain.doFilter(MockFilterChain.java:132)\norg.springframework.web.filter.CharacterEncodingFilter.doFilterInternal(CharacterEncodingFilter.java:201)\norg.springframework.web.filter.OncePerRequestFilter.doFilter(OncePerRequestFilter.java:116)\norg.springframework.test.web.servlet.setup.MockMvcFilterDecorator.doFilter(MockMvcFilterDecorator.java:151)\norg.springframework.mock.web.MockFilterChain.doFilter(MockFilterChain.java:132)\norg.springframework.test.web.servlet.MockMvc.perform(MockMvc.java:201)\nuk.gov.companieshouse.accounts.user.controller.ControllerAdviceTest.testOnInternalServerError(ControllerAdviceTest.java:64)\njava.base/jdk.internal.reflect.DirectMethodHandleAccessor.invoke(DirectMethodHandleAccessor.java:103)\njava.base/java.lang.reflect.Method.invoke(Method.java:580)\norg.junit.platform.commons.util.ReflectionUtils.invokeMethod(ReflectionUtils.java:728)\norg.junit.jupiter.engine.execution.MethodInvocation.proceed(MethodInvocation.java:60)\norg.junit.jupiter.engine.execution.InvocationInterceptorChain$ValidatingInvocation.proceed(InvocationInterceptorChain.java:131)\norg.junit.jupiter.engine.extension.TimeoutExtension.intercept(TimeoutExtension.java:156)\norg.junit.jupiter.engine.extension.TimeoutExtension.interceptTestableMethod(TimeoutExtension.java:147)\norg.junit.jupiter.engine.extension.TimeoutExtension.interceptTestMethod(TimeoutExtension.java:86)\norg.junit.jupiter.engine.execution.InterceptingExecutableInvoker$ReflectiveInterceptorCall.lambda$ofVoidMethod$0(InterceptingExecutableInvoker.java:103)\norg.junit.jupiter.engine.execution.InterceptingExecutableInvoker.lambda$invoke$0(InterceptingExecutableInvoker.java:93)\norg.junit.jupiter.engine.execution.InvocationInterceptorChain$InterceptedInvocation.proceed(InvocationInterceptorChain.java:106)\norg.junit.jupiter.engine.execution.InvocationInterceptorChain.proceed(InvocationInterceptorChain.java:64)\norg.junit.jupiter.engine.execution.InvocationInterceptorChain.chainAndInvoke(InvocationInterceptorChain.java:45)\norg.junit.jupiter.engine.execution.InvocationInterceptorChain.invoke(InvocationInterceptorChain.java:37)\norg.junit.jupiter.engine.execution.InterceptingExecutableInvoker.invoke(InterceptingExecutableInvoker.java:92)\norg.junit.jupiter.engine.execution.InterceptingExecutableInvoker.invoke(InterceptingExecutableInvoker.java:86)\norg.junit.jupiter.engine.descriptor.TestMethodTestDescriptor.lambda$invokeTestMethod$7(TestMethodTestDescriptor.java:218)\norg.junit.platform.engine.support.hierarchical.ThrowableCollector.execute(ThrowableCollector.java:73)\norg.junit.jupiter.engine.descriptor.TestMethodTestDescriptor.invokeTestMethod(TestMethodTestDescriptor.java:214)\norg.junit.jupiter.engine.descriptor.TestMethodTestDescriptor.execute(TestMethodTestDescriptor.java:139)\norg.junit.jupiter.engine.descriptor.TestMethodTestDescriptor.execute(TestMethodTestDescriptor.java:69)\norg.junit.platform.engine.support.hierarchical.NodeTestTask.lambda$executeRecursively$6(NodeTestTask.java:151)\norg.junit.platform.engine.support.hierarchical.ThrowableCollector.execute(ThrowableCollector.java:73)\norg.junit.platform.engine.support.hierarchical.NodeTestTask.lambda$executeRecursively$8(NodeTestTask.java:141)\norg.junit.platform.engine.support.hierarchical.Node.around(Node.java:137)\norg.junit.platform.engine.support.hierarchical.NodeTestTask.lambda$executeRecursively$9(NodeTestTask.java:139)\norg.junit.platform.engine.support.hierarchical.ThrowableCollector.execute(ThrowableCollector.java:73)\norg.junit.platform.engine.support.hierarchical.NodeTestTask.executeRecursively(NodeTestTask.java:138)\norg.junit.platform.engine.support.hierarchical.NodeTestTask.execute(NodeTestTask.java:95)\njava.base/java.util.ArrayList.forEach(ArrayList.java:1596)\norg.junit.platform.engine.support.hierarchical.SameThreadHierarchicalTestExecutorService.invokeAll(SameThreadHierarchicalTestExecutorService.java:41)\norg.junit.platform.engine.support.hierarchical.NodeTestTask.lambda$executeRecursively$6(NodeTestTask.java:155)\norg.junit.platform.engine.support.hierarchical.ThrowableCollector.execute(ThrowableCollector.java:73)\norg.junit.platform.engine.support.hierarchical.NodeTestTask.lambda$executeRecursively$8(NodeTestTask.java:141)\norg.junit.platform.engine.support.hierarchical.Node.around(Node.java:137)\norg.junit.platform.engine.support.hierarchical.NodeTestTask.lambda$executeRecursively$9(NodeTestTask.java:139)\norg.junit.platform.engine.support.hierarchical.ThrowableCollector.execute(ThrowableCollector.java:73)\norg.junit.platform.engine.support.hierarchical.NodeTestTask.executeRecursively(NodeTestTask.java:138)\norg.junit.platform.engine.support.hierarchical.NodeTestTask.execute(NodeTestTask.java:95)\njava.base/java.util.ArrayList.forEach(ArrayList.java:1596)\norg.junit.platform.engine.support.hierarchical.SameThreadHierarchicalTestExecutorService.invokeAll(SameThreadHierarchicalTestExecutorService.java:41)\norg.junit.platform.engine.support.hierarchical.NodeTestTask.lambda$executeRecursively$6(NodeTestTask.java:155)\norg.junit.platform.engine.support.hierarchical.ThrowableCollector.execute(ThrowableCollector.java:73)\norg.junit.platform.engine.support.hierarchical.NodeTestTask.lambda$executeRecursively$8(NodeTestTask.java:141)\norg.junit.platform.engine.support.hierarchical.Node.around(Node.java:137)\norg.junit.platform.engine.support.hierarchical.NodeTestTask.lambda$executeRecursively$9(NodeTestTask.java:139)\norg.junit.platform.engine.support.hierarchical.ThrowableCollector.execute(ThrowableCollector.java:73)\norg.junit.platform.engine.support.hierarchical.NodeTestTask.executeRecursively(NodeTestTask.java:138)\norg.junit.platform.engine.support.hierarchical.NodeTestTask.execute(NodeTestTask.java:95)\norg.junit.platform.engine.support.hierarchical.SameThreadHierarchicalTestExecutorService.submit(SameThreadHierarchicalTestExecutorService.java:35)\norg.junit.platform.engine.support.hierarchical.HierarchicalTestExecutor.execute(HierarchicalTestExecutor.java:57)\norg.junit.platform.engine.support.hierarchical.HierarchicalTestEngine.execute(HierarchicalTestEngine.java:54)\norg.junit.platform.launcher.core.EngineExecutionOrchestrator.execute(EngineExecutionOrchestrator.java:198)\norg.junit.platform.launcher.core.EngineExecutionOrchestrator.execute(EngineExecutionOrchestrator.java:169)\norg.junit.platform.launcher.core.EngineExecutionOrchestrator.execute(EngineExecutionOrchestrator.java:93)\norg.junit.platform.launcher.core.EngineExecutionOrchestrator.lambda$execute$0(EngineExecutionOrchestrator.java:58)\norg.junit.platform.launcher.core.EngineExecutionOrchestrator.withInterceptedStreams(EngineExecutionOrchestrator.java:141)\norg.junit.platform.launcher.core.EngineExecutionOrchestrator.execute(EngineExecutionOrchestrator.java:57)\norg.junit.platform.launcher.core.DefaultLauncher.execute(DefaultLauncher.java:103)\norg.junit.platform.launcher.core.DefaultLauncher.execute(DefaultLauncher.java:85)\norg.junit.platform.launcher.core.DelegatingLauncher.execute(DelegatingLauncher.java:47)\norg.apache.maven.surefire.junitplatform.LazyLauncher.execute(LazyLauncher.java:56)\norg.apache.maven.surefire.junitplatform.JUnitPlatformProvider.execute(JUnitPlatformProvider.java:184)\norg.apache.maven.surefire.junitplatform.JUnitPlatformProvider.invokeAllTests(JUnitPlatformProvider.java:148)\norg.apache.maven.surefire.junitplatform.JUnitPlatformProvider.invoke(JUnitPlatformProvider.java:122)\norg.apache.maven.surefire.booter.ForkedBooter.runSuitesInProcess(ForkedBooter.java:385)\norg.apache.maven.surefire.booter.ForkedBooter.execute(ForkedBooter.java:162)\norg.apache.maven.surefire.booter.ForkedBooter.run(ForkedBooter.java:507)\norg.apache.maven.surefire.booter.ForkedBooter.main(ForkedBooter.java:495)\n"}}]]></system-out>
  </testcase>
  <testcase name="testConstraintViolationError" classname="uk.gov.companieshouse.accounts.user.controller.ControllerAdviceTest" time="0.051">
    <system-out><![CDATA[
{"created":"2024-02-07T12:11:16.235Z","event":"error","context":"theId","data":{"message":"Validation Failed with [{\"errors\":[{\"error\":\"Please check the request and try again\",\"location\":\"accounts_user_api\",\"location_type\":\"request-body\",\"type\":\"ch:validation\"}]}]","error":"jakarta.validation.ConstraintViolationException: searchUserDetails.arg1[0].<list element>: must match \"^[\\w.]+@([\\w-]+\\.)+[\\w-]{2,4}$\"","stack_trace":"jakarta.validation.ConstraintViolationException: searchUserDetails.arg1[0].<list element>: must match \"^[\\w.]+@([\\w-]+\\.)+[\\w-]{2,4}$\"\norg.springframework.validation.beanvalidation.MethodValidationInterceptor.invoke(MethodValidationInterceptor.java:170)\norg.springframework.aop.framework.ReflectiveMethodInvocation.proceed(ReflectiveMethodInvocation.java:184)\norg.springframework.aop.framework.CglibAopProxy$CglibMethodInvocation.proceed(CglibAopProxy.java:765)\norg.springframework.aop.framework.CglibAopProxy$DynamicAdvisedInterceptor.intercept(CglibAopProxy.java:717)\nuk.gov.companieshouse.accounts.user.controller.FindUserBasedOnEmailController$$SpringCGLIB$$0.searchUserDetails(<generated>)\njava.base/jdk.internal.reflect.DirectMethodHandleAccessor.invoke(DirectMethodHandleAccessor.java:103)\njava.base/java.lang.reflect.Method.invoke(Method.java:580)\norg.springframework.web.method.support.InvocableHandlerMethod.doInvoke(InvocableHandlerMethod.java:261)\norg.springframework.web.method.support.InvocableHandlerMethod.invokeForRequest(InvocableHandlerMethod.java:189)\norg.springframework.web.servlet.mvc.method.annotation.ServletInvocableHandlerMethod.invokeAndHandle(ServletInvocableHandlerMethod.java:118)\norg.springframework.web.servlet.mvc.method.annotation.RequestMappingHandlerAdapter.invokeHandlerMethod(RequestMappingHandlerAdapter.java:917)\norg.springframework.web.servlet.mvc.method.annotation.RequestMappingHandlerAdapter.handleInternal(RequestMappingHandlerAdapter.java:829)\norg.springframework.web.servlet.mvc.method.AbstractHandlerMethodAdapter.handle(AbstractHandlerMethodAdapter.java:87)\norg.springframework.web.servlet.DispatcherServlet.doDispatch(DispatcherServlet.java:1089)\norg.springframework.web.servlet.DispatcherServlet.doService(DispatcherServlet.java:979)\norg.springframework.web.servlet.FrameworkServlet.processRequest(FrameworkServlet.java:1014)\norg.springframework.web.servlet.FrameworkServlet.doGet(FrameworkServlet.java:903)\njakarta.servlet.http.HttpServlet.service(HttpServlet.java:564)\norg.springframework.web.servlet.FrameworkServlet.service(FrameworkServlet.java:885)\norg.springframework.test.web.servlet.TestDispatcherServlet.service(TestDispatcherServlet.java:72)\njakarta.servlet.http.HttpServlet.service(HttpServlet.java:658)\norg.springframework.mock.web.MockFilterChain$ServletFilterProxy.doFilter(MockFilterChain.java:165)\norg.springframework.mock.web.MockFilterChain.doFilter(MockFilterChain.java:132)\norg.springframework.web.filter.RequestContextFilter.doFilterInternal(RequestContextFilter.java:100)\norg.springframework.web.filter.OncePerRequestFilter.doFilter(OncePerRequestFilter.java:116)\norg.springframework.test.web.servlet.setup.MockMvcFilterDecorator.doFilter(MockMvcFilterDecorator.java:151)\norg.springframework.mock.web.MockFilterChain.doFilter(MockFilterChain.java:132)\norg.springframework.web.filter.FormContentFilter.doFilterInternal(FormContentFilter.java:93)\norg.springframework.web.filter.OncePerRequestFilter.doFilter(OncePerRequestFilter.java:116)\norg.springframework.test.web.servlet.setup.MockMvcFilterDecorator.doFilter(MockMvcFilterDecorator.java:151)\norg.springframework.mock.web.MockFilterChain.doFilter(MockFilterChain.java:132)\norg.springframework.web.filter.CharacterEncodingFilter.doFilterInternal(CharacterEncodingFilter.java:201)\norg.springframework.web.filter.OncePerRequestFilter.doFilter(OncePerRequestFilter.java:116)\norg.springframework.test.web.servlet.setup.MockMvcFilterDecorator.doFilter(MockMvcFilterDecorator.java:151)\norg.springframework.mock.web.MockFilterChain.doFilter(MockFilterChain.java:132)\norg.springframework.test.web.servlet.MockMvc.perform(MockMvc.java:201)\nuk.gov.companieshouse.accounts.user.controller.ControllerAdviceTest.testConstraintViolationError(ControllerAdviceTest.java:56)\njava.base/jdk.internal.reflect.DirectMethodHandleAccessor.invoke(DirectMethodHandleAccessor.java:103)\njava.base/java.lang.reflect.Method.invoke(Method.java:580)\norg.junit.platform.commons.util.ReflectionUtils.invokeMethod(ReflectionUtils.java:728)\norg.junit.jupiter.engine.execution.MethodInvocation.proceed(MethodInvocation.java:60)\norg.junit.jupiter.engine.execution.InvocationInterceptorChain$ValidatingInvocation.proceed(InvocationInterceptorChain.java:131)\norg.junit.jupiter.engine.extension.TimeoutExtension.intercept(TimeoutExtension.java:156)\norg.junit.jupiter.engine.extension.TimeoutExtension.interceptTestableMethod(TimeoutExtension.java:147)\norg.junit.jupiter.engine.extension.TimeoutExtension.interceptTestMethod(TimeoutExtension.java:86)\norg.junit.jupiter.engine.execution.InterceptingExecutableInvoker$ReflectiveInterceptorCall.lambda$ofVoidMethod$0(InterceptingExecutableInvoker.java:103)\norg.junit.jupiter.engine.execution.InterceptingExecutableInvoker.lambda$invoke$0(InterceptingExecutableInvoker.java:93)\norg.junit.jupiter.engine.execution.InvocationInterceptorChain$InterceptedInvocation.proceed(InvocationInterceptorChain.java:106)\norg.junit.jupiter.engine.execution.InvocationInterceptorChain.proceed(InvocationInterceptorChain.java:64)\norg.junit.jupiter.engine.execution.InvocationInterceptorChain.chainAndInvoke(InvocationInterceptorChain.java:45)\norg.junit.jupiter.engine.execution.InvocationInterceptorChain.invoke(InvocationInterceptorChain.java:37)\norg.junit.jupiter.engine.execution.InterceptingExecutableInvoker.invoke(InterceptingExecutableInvoker.java:92)\norg.junit.jupiter.engine.execution.InterceptingExecutableInvoker.invoke(InterceptingExecutableInvoker.java:86)\norg.junit.jupiter.engine.descriptor.TestMethodTestDescriptor.lambda$invokeTestMethod$7(TestMethodTestDescriptor.java:218)\norg.junit.platform.engine.support.hierarchical.ThrowableCollector.execute(ThrowableCollector.java:73)\norg.junit.jupiter.engine.descriptor.TestMethodTestDescriptor.invokeTestMethod(TestMethodTestDescriptor.java:214)\norg.junit.jupiter.engine.descriptor.TestMethodTestDescriptor.execute(TestMethodTestDescriptor.java:139)\norg.junit.jupiter.engine.descriptor.TestMethodTestDescriptor.execute(TestMethodTestDescriptor.java:69)\norg.junit.platform.engine.support.hierarchical.NodeTestTask.lambda$executeRecursively$6(NodeTestTask.java:151)\norg.junit.platform.engine.support.hierarchical.ThrowableCollector.execute(ThrowableCollector.java:73)\norg.junit.platform.engine.support.hierarchical.NodeTestTask.lambda$executeRecursively$8(NodeTestTask.java:141)\norg.junit.platform.engine.support.hierarchical.Node.around(Node.java:137)\norg.junit.platform.engine.support.hierarchical.NodeTestTask.lambda$executeRecursively$9(NodeTestTask.java:139)\norg.junit.platform.engine.support.hierarchical.ThrowableCollector.execute(ThrowableCollector.java:73)\norg.junit.platform.engine.support.hierarchical.NodeTestTask.executeRecursively(NodeTestTask.java:138)\norg.junit.platform.engine.support.hierarchical.NodeTestTask.execute(NodeTestTask.java:95)\njava.base/java.util.ArrayList.forEach(ArrayList.java:1596)\norg.junit.platform.engine.support.hierarchical.SameThreadHierarchicalTestExecutorService.invokeAll(SameThreadHierarchicalTestExecutorService.java:41)\norg.junit.platform.engine.support.hierarchical.NodeTestTask.lambda$executeRecursively$6(NodeTestTask.java:155)\norg.junit.platform.engine.support.hierarchical.ThrowableCollector.execute(ThrowableCollector.java:73)\norg.junit.platform.engine.support.hierarchical.NodeTestTask.lambda$executeRecursively$8(NodeTestTask.java:141)\norg.junit.platform.engine.support.hierarchical.Node.around(Node.java:137)\norg.junit.platform.engine.support.hierarchical.NodeTestTask.lambda$executeRecursively$9(NodeTestTask.java:139)\norg.junit.platform.engine.support.hierarchical.ThrowableCollector.execute(ThrowableCollector.java:73)\norg.junit.platform.engine.support.hierarchical.NodeTestTask.executeRecursively(NodeTestTask.java:138)\norg.junit.platform.engine.support.hierarchical.NodeTestTask.execute(NodeTestTask.java:95)\njava.base/java.util.ArrayList.forEach(ArrayList.java:1596)\norg.junit.platform.engine.support.hierarchical.SameThreadHierarchicalTestExecutorService.invokeAll(SameThreadHierarchicalTestExecutorService.java:41)\norg.junit.platform.engine.support.hierarchical.NodeTestTask.lambda$executeRecursively$6(NodeTestTask.java:155)\norg.junit.platform.engine.support.hierarchical.ThrowableCollector.execute(ThrowableCollector.java:73)\norg.junit.platform.engine.support.hierarchical.NodeTestTask.lambda$executeRecursively$8(NodeTestTask.java:141)\norg.junit.platform.engine.support.hierarchical.Node.around(Node.java:137)\norg.junit.platform.engine.support.hierarchical.NodeTestTask.lambda$executeRecursively$9(NodeTestTask.java:139)\norg.junit.platform.engine.support.hierarchical.ThrowableCollector.execute(ThrowableCollector.java:73)\norg.junit.platform.engine.support.hierarchical.NodeTestTask.executeRecursively(NodeTestTask.java:138)\norg.junit.platform.engine.support.hierarchical.NodeTestTask.execute(NodeTestTask.java:95)\norg.junit.platform.engine.support.hierarchical.SameThreadHierarchicalTestExecutorService.submit(SameThreadHierarchicalTestExecutorService.java:35)\norg.junit.platform.engine.support.hierarchical.HierarchicalTestExecutor.execute(HierarchicalTestExecutor.java:57)\norg.junit.platform.engine.support.hierarchical.HierarchicalTestEngine.execute(HierarchicalTestEngine.java:54)\norg.junit.platform.launcher.core.EngineExecutionOrchestrator.execute(EngineExecutionOrchestrator.java:198)\norg.junit.platform.launcher.core.EngineExecutionOrchestrator.execute(EngineExecutionOrchestrator.java:169)\norg.junit.platform.launcher.core.EngineExecutionOrchestrator.execute(EngineExecutionOrchestrator.java:93)\norg.junit.platform.launcher.core.EngineExecutionOrchestrator.lambda$execute$0(EngineExecutionOrchestrator.java:58)\norg.junit.platform.launcher.core.EngineExecutionOrchestrator.withInterceptedStreams(EngineExecutionOrchestrator.java:141)\norg.junit.platform.launcher.core.EngineExecutionOrchestrator.execute(EngineExecutionOrchestrator.java:57)\norg.junit.platform.launcher.core.DefaultLauncher.execute(DefaultLauncher.java:103)\norg.junit.platform.launcher.core.DefaultLauncher.execute(DefaultLauncher.java:85)\norg.junit.platform.launcher.core.DelegatingLauncher.execute(DelegatingLauncher.java:47)\norg.apache.maven.surefire.junitplatform.LazyLauncher.execute(LazyLauncher.java:56)\norg.apache.maven.surefire.junitplatform.JUnitPlatformProvider.execute(JUnitPlatformProvider.java:184)\norg.apache.maven.surefire.junitplatform.JUnitPlatformProvider.invokeAllTests(JUnitPlatformProvider.java:148)\norg.apache.maven.surefire.junitplatform.JUnitPlatformProvider.invoke(JUnitPlatformProvider.java:122)\norg.apache.maven.surefire.booter.ForkedBooter.runSuitesInProcess(ForkedBooter.java:385)\norg.apache.maven.surefire.booter.ForkedBooter.execute(ForkedBooter.java:162)\norg.apache.maven.surefire.booter.ForkedBooter.run(ForkedBooter.java:507)\norg.apache.maven.surefire.booter.ForkedBooter.main(ForkedBooter.java:495)\n"}}]]></system-out>
  </testcase>
  <testcase name="testNotFoundRuntimeError" classname="uk.gov.companieshouse.accounts.user.controller.ControllerAdviceTest" time="0.005">
    <system-out><![CDATA[
{"created":"2024-02-07T12:11:16.254Z","event":"debug","data":{"message":"theId: Attempting to search for the details of these users: jessica.simpson@hollywood.com"}}
{"created":"2024-02-07T12:11:16.255Z","event":"error","context":"theId","data":{"query-parameters":"?user_email=jessica.simpson@hollywood.com","message":"Couldn't find users","url":"http://localhost/users/search"}}]]></system-out>
  </testcase>
  <testcase name="testBadRequestRuntimeError" classname="uk.gov.companieshouse.accounts.user.controller.ControllerAdviceTest" time="0.003">
    <system-out><![CDATA[
{"created":"2024-02-07T12:11:16.259Z","event":"error","data":{"message":"theId: No emails were provided."}}
{"created":"2024-02-07T12:11:16.259Z","event":"error","context":"theId","data":{"query-parameters":"","message":"Please check the request and try again","url":"http://localhost/users/search"}}]]></system-out>
  </testcase>
</testsuite>